INFO - 2023-07-29 00:43:28 --> Session: Class initialized using 'CodeIgniter\Session\Handlers\FileHandler' driver.
INFO - 2023-07-29 00:43:28 --> Session: Class initialized using 'CodeIgniter\Session\Handlers\FileHandler' driver.
INFO - 2023-07-29 00:43:34 --> CSRF token verified.
INFO - 2023-07-29 00:43:34 --> Session: Class initialized using 'CodeIgniter\Session\Handlers\FileHandler' driver.
INFO - 2023-07-29 00:43:34 --> Session: Class initialized using 'CodeIgniter\Session\Handlers\FileHandler' driver.
INFO - 2023-07-29 00:43:40 --> Session: Class initialized using 'CodeIgniter\Session\Handlers\FileHandler' driver.
INFO - 2023-07-29 00:43:44 --> Session: Class initialized using 'CodeIgniter\Session\Handlers\FileHandler' driver.
INFO - 2023-07-29 00:43:51 --> Session: Class initialized using 'CodeIgniter\Session\Handlers\FileHandler' driver.
INFO - 2023-07-29 00:43:52 --> Session: Class initialized using 'CodeIgniter\Session\Handlers\FileHandler' driver.
INFO - 2023-07-29 00:43:52 --> Session: Class initialized using 'CodeIgniter\Session\Handlers\FileHandler' driver.
INFO - 2023-07-29 00:43:52 --> Session: Class initialized using 'CodeIgniter\Session\Handlers\FileHandler' driver.
INFO - 2023-07-29 00:43:53 --> Session: Class initialized using 'CodeIgniter\Session\Handlers\FileHandler' driver.
INFO - 2023-07-29 00:44:10 --> Session: Class initialized using 'CodeIgniter\Session\Handlers\FileHandler' driver.
INFO - 2023-07-29 00:44:10 --> Session: Class initialized using 'CodeIgniter\Session\Handlers\FileHandler' driver.
CRITICAL - 2023-07-29 00:44:10 --> Argument 1 passed to App\Controllers\Admin\Produtos::buscarProdutoOu404() must be of the type int or null, string given, called in C:\xampp\htdocs\food\app\Controllers\Admin\Produtos.php on line 95
in APPPATH\Controllers\Admin\Produtos.php on line 451.
 1 APPPATH\Controllers\Admin\Produtos.php(95): App\Controllers\Admin\Produtos->buscarProdutoOu404('images')
 2 SYSTEMPATH\CodeIgniter.php(932): App\Controllers\Admin\Produtos->show('images', 'logo.svg')
 3 SYSTEMPATH\CodeIgniter.php(497): CodeIgniter\CodeIgniter->runController(Object(App\Controllers\Admin\Produtos))
 4 SYSTEMPATH\CodeIgniter.php(366): CodeIgniter\CodeIgniter->handleRequest(null, Object(Config\Cache), false)
 5 FCPATH\index.php(67): CodeIgniter\CodeIgniter->run()
 6 SYSTEMPATH\Commands\Server\rewrite.php(47): require_once('C:\\xampp\\htdocs\\food\\public\\index.php')
INFO - 2023-07-29 00:44:10 --> Session: Class initialized using 'CodeIgniter\Session\Handlers\FileHandler' driver.
CRITICAL - 2023-07-29 00:44:10 --> Argument 1 passed to App\Controllers\Admin\Produtos::buscarProdutoOu404() must be of the type int or null, string given, called in C:\xampp\htdocs\food\app\Controllers\Admin\Produtos.php on line 95
in APPPATH\Controllers\Admin\Produtos.php on line 451.
 1 APPPATH\Controllers\Admin\Produtos.php(95): App\Controllers\Admin\Produtos->buscarProdutoOu404('images')
 2 SYSTEMPATH\CodeIgniter.php(932): App\Controllers\Admin\Produtos->show('images', 'logo-mini.svg')
 3 SYSTEMPATH\CodeIgniter.php(497): CodeIgniter\CodeIgniter->runController(Object(App\Controllers\Admin\Produtos))
 4 SYSTEMPATH\CodeIgniter.php(366): CodeIgniter\CodeIgniter->handleRequest(null, Object(Config\Cache), false)
 5 FCPATH\index.php(67): CodeIgniter\CodeIgniter->run()
 6 SYSTEMPATH\Commands\Server\rewrite.php(47): require_once('C:\\xampp\\htdocs\\food\\public\\index.php')
INFO - 2023-07-29 00:44:10 --> Session: Class initialized using 'CodeIgniter\Session\Handlers\FileHandler' driver.
CRITICAL - 2023-07-29 00:44:10 --> Argument 1 passed to App\Controllers\Admin\Produtos::buscarProdutoOu404() must be of the type int or null, string given, called in C:\xampp\htdocs\food\app\Controllers\Admin\Produtos.php on line 95
in APPPATH\Controllers\Admin\Produtos.php on line 451.
 1 APPPATH\Controllers\Admin\Produtos.php(95): App\Controllers\Admin\Produtos->buscarProdutoOu404('images')
 2 SYSTEMPATH\CodeIgniter.php(932): App\Controllers\Admin\Produtos->show('images', 'faces', 'face4.jpg')
 3 SYSTEMPATH\CodeIgniter.php(497): CodeIgniter\CodeIgniter->runController(Object(App\Controllers\Admin\Produtos))
 4 SYSTEMPATH\CodeIgniter.php(366): CodeIgniter\CodeIgniter->handleRequest(null, Object(Config\Cache), false)
 5 FCPATH\index.php(67): CodeIgniter\CodeIgniter->run()
 6 SYSTEMPATH\Commands\Server\rewrite.php(47): require_once('C:\\xampp\\htdocs\\food\\public\\index.php')
INFO - 2023-07-29 00:44:11 --> Session: Class initialized using 'CodeIgniter\Session\Handlers\FileHandler' driver.
CRITICAL - 2023-07-29 00:44:11 --> Argument 1 passed to App\Controllers\Admin\Produtos::buscarProdutoOu404() must be of the type int or null, string given, called in C:\xampp\htdocs\food\app\Controllers\Admin\Produtos.php on line 95
in APPPATH\Controllers\Admin\Produtos.php on line 451.
 1 APPPATH\Controllers\Admin\Produtos.php(95): App\Controllers\Admin\Produtos->buscarProdutoOu404('images')
 2 SYSTEMPATH\CodeIgniter.php(932): App\Controllers\Admin\Produtos->show('images', 'faces', 'face2.jpg')
 3 SYSTEMPATH\CodeIgniter.php(497): CodeIgniter\CodeIgniter->runController(Object(App\Controllers\Admin\Produtos))
 4 SYSTEMPATH\CodeIgniter.php(366): CodeIgniter\CodeIgniter->handleRequest(null, Object(Config\Cache), false)
 5 FCPATH\index.php(67): CodeIgniter\CodeIgniter->run()
 6 SYSTEMPATH\Commands\Server\rewrite.php(47): require_once('C:\\xampp\\htdocs\\food\\public\\index.php')
INFO - 2023-07-29 00:44:11 --> Session: Class initialized using 'CodeIgniter\Session\Handlers\FileHandler' driver.
CRITICAL - 2023-07-29 00:44:11 --> Argument 1 passed to App\Controllers\Admin\Produtos::buscarProdutoOu404() must be of the type int or null, string given, called in C:\xampp\htdocs\food\app\Controllers\Admin\Produtos.php on line 95
in APPPATH\Controllers\Admin\Produtos.php on line 451.
 1 APPPATH\Controllers\Admin\Produtos.php(95): App\Controllers\Admin\Produtos->buscarProdutoOu404('images')
 2 SYSTEMPATH\CodeIgniter.php(932): App\Controllers\Admin\Produtos->show('images', 'faces', 'face3.jpg')
 3 SYSTEMPATH\CodeIgniter.php(497): CodeIgniter\CodeIgniter->runController(Object(App\Controllers\Admin\Produtos))
 4 SYSTEMPATH\CodeIgniter.php(366): CodeIgniter\CodeIgniter->handleRequest(null, Object(Config\Cache), false)
 5 FCPATH\index.php(67): CodeIgniter\CodeIgniter->run()
 6 SYSTEMPATH\Commands\Server\rewrite.php(47): require_once('C:\\xampp\\htdocs\\food\\public\\index.php')
INFO - 2023-07-29 00:44:11 --> Session: Class initialized using 'CodeIgniter\Session\Handlers\FileHandler' driver.
CRITICAL - 2023-07-29 00:44:11 --> Argument 1 passed to App\Controllers\Admin\Produtos::buscarProdutoOu404() must be of the type int or null, string given, called in C:\xampp\htdocs\food\app\Controllers\Admin\Produtos.php on line 95
in APPPATH\Controllers\Admin\Produtos.php on line 451.
 1 APPPATH\Controllers\Admin\Produtos.php(95): App\Controllers\Admin\Produtos->buscarProdutoOu404('images')
 2 SYSTEMPATH\CodeIgniter.php(932): App\Controllers\Admin\Produtos->show('images', 'faces', 'face5.jpg')
 3 SYSTEMPATH\CodeIgniter.php(497): CodeIgniter\CodeIgniter->runController(Object(App\Controllers\Admin\Produtos))
 4 SYSTEMPATH\CodeIgniter.php(366): CodeIgniter\CodeIgniter->handleRequest(null, Object(Config\Cache), false)
 5 FCPATH\index.php(67): CodeIgniter\CodeIgniter->run()
 6 SYSTEMPATH\Commands\Server\rewrite.php(47): require_once('C:\\xampp\\htdocs\\food\\public\\index.php')
INFO - 2023-07-29 00:44:11 --> Session: Class initialized using 'CodeIgniter\Session\Handlers\FileHandler' driver.
INFO - 2023-07-29 00:44:19 --> Session: Class initialized using 'CodeIgniter\Session\Handlers\FileHandler' driver.
INFO - 2023-07-29 00:44:19 --> Session: Class initialized using 'CodeIgniter\Session\Handlers\FileHandler' driver.
CRITICAL - 2023-07-29 00:44:19 --> Argument 1 passed to App\Controllers\Admin\Produtos::buscarProdutoOu404() must be of the type int or null, string given, called in C:\xampp\htdocs\food\app\Controllers\Admin\Produtos.php on line 250
in APPPATH\Controllers\Admin\Produtos.php on line 451.
 1 APPPATH\Controllers\Admin\Produtos.php(250): App\Controllers\Admin\Produtos->buscarProdutoOu404('images')
 2 SYSTEMPATH\CodeIgniter.php(932): App\Controllers\Admin\Produtos->extras('images', 'logo.svg')
 3 SYSTEMPATH\CodeIgniter.php(497): CodeIgniter\CodeIgniter->runController(Object(App\Controllers\Admin\Produtos))
 4 SYSTEMPATH\CodeIgniter.php(366): CodeIgniter\CodeIgniter->handleRequest(null, Object(Config\Cache), false)
 5 FCPATH\index.php(67): CodeIgniter\CodeIgniter->run()
 6 SYSTEMPATH\Commands\Server\rewrite.php(47): require_once('C:\\xampp\\htdocs\\food\\public\\index.php')
INFO - 2023-07-29 00:44:19 --> Session: Class initialized using 'CodeIgniter\Session\Handlers\FileHandler' driver.
CRITICAL - 2023-07-29 00:44:19 --> Argument 1 passed to App\Controllers\Admin\Produtos::buscarProdutoOu404() must be of the type int or null, string given, called in C:\xampp\htdocs\food\app\Controllers\Admin\Produtos.php on line 250
in APPPATH\Controllers\Admin\Produtos.php on line 451.
 1 APPPATH\Controllers\Admin\Produtos.php(250): App\Controllers\Admin\Produtos->buscarProdutoOu404('images')
 2 SYSTEMPATH\CodeIgniter.php(932): App\Controllers\Admin\Produtos->extras('images', 'logo-mini.svg')
 3 SYSTEMPATH\CodeIgniter.php(497): CodeIgniter\CodeIgniter->runController(Object(App\Controllers\Admin\Produtos))
 4 SYSTEMPATH\CodeIgniter.php(366): CodeIgniter\CodeIgniter->handleRequest(null, Object(Config\Cache), false)
 5 FCPATH\index.php(67): CodeIgniter\CodeIgniter->run()
 6 SYSTEMPATH\Commands\Server\rewrite.php(47): require_once('C:\\xampp\\htdocs\\food\\public\\index.php')
INFO - 2023-07-29 00:44:19 --> Session: Class initialized using 'CodeIgniter\Session\Handlers\FileHandler' driver.
CRITICAL - 2023-07-29 00:44:19 --> Argument 1 passed to App\Controllers\Admin\Produtos::buscarProdutoOu404() must be of the type int or null, string given, called in C:\xampp\htdocs\food\app\Controllers\Admin\Produtos.php on line 250
in APPPATH\Controllers\Admin\Produtos.php on line 451.
 1 APPPATH\Controllers\Admin\Produtos.php(250): App\Controllers\Admin\Produtos->buscarProdutoOu404('images')
 2 SYSTEMPATH\CodeIgniter.php(932): App\Controllers\Admin\Produtos->extras('images', 'faces', 'face4.jpg')
 3 SYSTEMPATH\CodeIgniter.php(497): CodeIgniter\CodeIgniter->runController(Object(App\Controllers\Admin\Produtos))
 4 SYSTEMPATH\CodeIgniter.php(366): CodeIgniter\CodeIgniter->handleRequest(null, Object(Config\Cache), false)
 5 FCPATH\index.php(67): CodeIgniter\CodeIgniter->run()
 6 SYSTEMPATH\Commands\Server\rewrite.php(47): require_once('C:\\xampp\\htdocs\\food\\public\\index.php')
INFO - 2023-07-29 00:44:19 --> Session: Class initialized using 'CodeIgniter\Session\Handlers\FileHandler' driver.
CRITICAL - 2023-07-29 00:44:19 --> Argument 1 passed to App\Controllers\Admin\Produtos::buscarProdutoOu404() must be of the type int or null, string given, called in C:\xampp\htdocs\food\app\Controllers\Admin\Produtos.php on line 250
in APPPATH\Controllers\Admin\Produtos.php on line 451.
 1 APPPATH\Controllers\Admin\Produtos.php(250): App\Controllers\Admin\Produtos->buscarProdutoOu404('images')
 2 SYSTEMPATH\CodeIgniter.php(932): App\Controllers\Admin\Produtos->extras('images', 'faces', 'face2.jpg')
 3 SYSTEMPATH\CodeIgniter.php(497): CodeIgniter\CodeIgniter->runController(Object(App\Controllers\Admin\Produtos))
 4 SYSTEMPATH\CodeIgniter.php(366): CodeIgniter\CodeIgniter->handleRequest(null, Object(Config\Cache), false)
 5 FCPATH\index.php(67): CodeIgniter\CodeIgniter->run()
 6 SYSTEMPATH\Commands\Server\rewrite.php(47): require_once('C:\\xampp\\htdocs\\food\\public\\index.php')
INFO - 2023-07-29 00:44:19 --> Session: Class initialized using 'CodeIgniter\Session\Handlers\FileHandler' driver.
CRITICAL - 2023-07-29 00:44:19 --> Argument 1 passed to App\Controllers\Admin\Produtos::buscarProdutoOu404() must be of the type int or null, string given, called in C:\xampp\htdocs\food\app\Controllers\Admin\Produtos.php on line 250
in APPPATH\Controllers\Admin\Produtos.php on line 451.
 1 APPPATH\Controllers\Admin\Produtos.php(250): App\Controllers\Admin\Produtos->buscarProdutoOu404('images')
 2 SYSTEMPATH\CodeIgniter.php(932): App\Controllers\Admin\Produtos->extras('images', 'faces', 'face3.jpg')
 3 SYSTEMPATH\CodeIgniter.php(497): CodeIgniter\CodeIgniter->runController(Object(App\Controllers\Admin\Produtos))
 4 SYSTEMPATH\CodeIgniter.php(366): CodeIgniter\CodeIgniter->handleRequest(null, Object(Config\Cache), false)
 5 FCPATH\index.php(67): CodeIgniter\CodeIgniter->run()
 6 SYSTEMPATH\Commands\Server\rewrite.php(47): require_once('C:\\xampp\\htdocs\\food\\public\\index.php')
INFO - 2023-07-29 00:44:19 --> Session: Class initialized using 'CodeIgniter\Session\Handlers\FileHandler' driver.
CRITICAL - 2023-07-29 00:44:19 --> Argument 1 passed to App\Controllers\Admin\Produtos::buscarProdutoOu404() must be of the type int or null, string given, called in C:\xampp\htdocs\food\app\Controllers\Admin\Produtos.php on line 250
in APPPATH\Controllers\Admin\Produtos.php on line 451.
 1 APPPATH\Controllers\Admin\Produtos.php(250): App\Controllers\Admin\Produtos->buscarProdutoOu404('images')
 2 SYSTEMPATH\CodeIgniter.php(932): App\Controllers\Admin\Produtos->extras('images', 'faces', 'face5.jpg')
 3 SYSTEMPATH\CodeIgniter.php(497): CodeIgniter\CodeIgniter->runController(Object(App\Controllers\Admin\Produtos))
 4 SYSTEMPATH\CodeIgniter.php(366): CodeIgniter\CodeIgniter->handleRequest(null, Object(Config\Cache), false)
 5 FCPATH\index.php(67): CodeIgniter\CodeIgniter->run()
 6 SYSTEMPATH\Commands\Server\rewrite.php(47): require_once('C:\\xampp\\htdocs\\food\\public\\index.php')
INFO - 2023-07-29 00:44:24 --> Session: Class initialized using 'CodeIgniter\Session\Handlers\FileHandler' driver.
INFO - 2023-07-29 00:44:24 --> Session: Class initialized using 'CodeIgniter\Session\Handlers\FileHandler' driver.
CRITICAL - 2023-07-29 00:44:24 --> Argument 1 passed to App\Controllers\Admin\Produtos::buscarProdutoOu404() must be of the type int or null, string given, called in C:\xampp\htdocs\food\app\Controllers\Admin\Produtos.php on line 95
in APPPATH\Controllers\Admin\Produtos.php on line 451.
 1 APPPATH\Controllers\Admin\Produtos.php(95): App\Controllers\Admin\Produtos->buscarProdutoOu404('images')
 2 SYSTEMPATH\CodeIgniter.php(932): App\Controllers\Admin\Produtos->show('images', 'logo.svg')
 3 SYSTEMPATH\CodeIgniter.php(497): CodeIgniter\CodeIgniter->runController(Object(App\Controllers\Admin\Produtos))
 4 SYSTEMPATH\CodeIgniter.php(366): CodeIgniter\CodeIgniter->handleRequest(null, Object(Config\Cache), false)
 5 FCPATH\index.php(67): CodeIgniter\CodeIgniter->run()
 6 SYSTEMPATH\Commands\Server\rewrite.php(47): require_once('C:\\xampp\\htdocs\\food\\public\\index.php')
INFO - 2023-07-29 00:44:24 --> Session: Class initialized using 'CodeIgniter\Session\Handlers\FileHandler' driver.
CRITICAL - 2023-07-29 00:44:24 --> Argument 1 passed to App\Controllers\Admin\Produtos::buscarProdutoOu404() must be of the type int or null, string given, called in C:\xampp\htdocs\food\app\Controllers\Admin\Produtos.php on line 95
in APPPATH\Controllers\Admin\Produtos.php on line 451.
 1 APPPATH\Controllers\Admin\Produtos.php(95): App\Controllers\Admin\Produtos->buscarProdutoOu404('images')
 2 SYSTEMPATH\CodeIgniter.php(932): App\Controllers\Admin\Produtos->show('images', 'logo-mini.svg')
 3 SYSTEMPATH\CodeIgniter.php(497): CodeIgniter\CodeIgniter->runController(Object(App\Controllers\Admin\Produtos))
 4 SYSTEMPATH\CodeIgniter.php(366): CodeIgniter\CodeIgniter->handleRequest(null, Object(Config\Cache), false)
 5 FCPATH\index.php(67): CodeIgniter\CodeIgniter->run()
 6 SYSTEMPATH\Commands\Server\rewrite.php(47): require_once('C:\\xampp\\htdocs\\food\\public\\index.php')
INFO - 2023-07-29 00:44:24 --> Session: Class initialized using 'CodeIgniter\Session\Handlers\FileHandler' driver.
CRITICAL - 2023-07-29 00:44:24 --> Argument 1 passed to App\Controllers\Admin\Produtos::buscarProdutoOu404() must be of the type int or null, string given, called in C:\xampp\htdocs\food\app\Controllers\Admin\Produtos.php on line 95
in APPPATH\Controllers\Admin\Produtos.php on line 451.
 1 APPPATH\Controllers\Admin\Produtos.php(95): App\Controllers\Admin\Produtos->buscarProdutoOu404('images')
 2 SYSTEMPATH\CodeIgniter.php(932): App\Controllers\Admin\Produtos->show('images', 'faces', 'face4.jpg')
 3 SYSTEMPATH\CodeIgniter.php(497): CodeIgniter\CodeIgniter->runController(Object(App\Controllers\Admin\Produtos))
 4 SYSTEMPATH\CodeIgniter.php(366): CodeIgniter\CodeIgniter->handleRequest(null, Object(Config\Cache), false)
 5 FCPATH\index.php(67): CodeIgniter\CodeIgniter->run()
 6 SYSTEMPATH\Commands\Server\rewrite.php(47): require_once('C:\\xampp\\htdocs\\food\\public\\index.php')
INFO - 2023-07-29 00:44:24 --> Session: Class initialized using 'CodeIgniter\Session\Handlers\FileHandler' driver.
CRITICAL - 2023-07-29 00:44:24 --> Argument 1 passed to App\Controllers\Admin\Produtos::buscarProdutoOu404() must be of the type int or null, string given, called in C:\xampp\htdocs\food\app\Controllers\Admin\Produtos.php on line 95
in APPPATH\Controllers\Admin\Produtos.php on line 451.
 1 APPPATH\Controllers\Admin\Produtos.php(95): App\Controllers\Admin\Produtos->buscarProdutoOu404('images')
 2 SYSTEMPATH\CodeIgniter.php(932): App\Controllers\Admin\Produtos->show('images', 'faces', 'face2.jpg')
 3 SYSTEMPATH\CodeIgniter.php(497): CodeIgniter\CodeIgniter->runController(Object(App\Controllers\Admin\Produtos))
 4 SYSTEMPATH\CodeIgniter.php(366): CodeIgniter\CodeIgniter->handleRequest(null, Object(Config\Cache), false)
 5 FCPATH\index.php(67): CodeIgniter\CodeIgniter->run()
 6 SYSTEMPATH\Commands\Server\rewrite.php(47): require_once('C:\\xampp\\htdocs\\food\\public\\index.php')
INFO - 2023-07-29 00:44:24 --> Session: Class initialized using 'CodeIgniter\Session\Handlers\FileHandler' driver.
CRITICAL - 2023-07-29 00:44:24 --> Argument 1 passed to App\Controllers\Admin\Produtos::buscarProdutoOu404() must be of the type int or null, string given, called in C:\xampp\htdocs\food\app\Controllers\Admin\Produtos.php on line 95
in APPPATH\Controllers\Admin\Produtos.php on line 451.
 1 APPPATH\Controllers\Admin\Produtos.php(95): App\Controllers\Admin\Produtos->buscarProdutoOu404('images')
 2 SYSTEMPATH\CodeIgniter.php(932): App\Controllers\Admin\Produtos->show('images', 'faces', 'face3.jpg')
 3 SYSTEMPATH\CodeIgniter.php(497): CodeIgniter\CodeIgniter->runController(Object(App\Controllers\Admin\Produtos))
 4 SYSTEMPATH\CodeIgniter.php(366): CodeIgniter\CodeIgniter->handleRequest(null, Object(Config\Cache), false)
 5 FCPATH\index.php(67): CodeIgniter\CodeIgniter->run()
 6 SYSTEMPATH\Commands\Server\rewrite.php(47): require_once('C:\\xampp\\htdocs\\food\\public\\index.php')
INFO - 2023-07-29 00:44:24 --> Session: Class initialized using 'CodeIgniter\Session\Handlers\FileHandler' driver.
CRITICAL - 2023-07-29 00:44:24 --> Argument 1 passed to App\Controllers\Admin\Produtos::buscarProdutoOu404() must be of the type int or null, string given, called in C:\xampp\htdocs\food\app\Controllers\Admin\Produtos.php on line 95
in APPPATH\Controllers\Admin\Produtos.php on line 451.
 1 APPPATH\Controllers\Admin\Produtos.php(95): App\Controllers\Admin\Produtos->buscarProdutoOu404('images')
 2 SYSTEMPATH\CodeIgniter.php(932): App\Controllers\Admin\Produtos->show('images', 'faces', 'face5.jpg')
 3 SYSTEMPATH\CodeIgniter.php(497): CodeIgniter\CodeIgniter->runController(Object(App\Controllers\Admin\Produtos))
 4 SYSTEMPATH\CodeIgniter.php(366): CodeIgniter\CodeIgniter->handleRequest(null, Object(Config\Cache), false)
 5 FCPATH\index.php(67): CodeIgniter\CodeIgniter->run()
 6 SYSTEMPATH\Commands\Server\rewrite.php(47): require_once('C:\\xampp\\htdocs\\food\\public\\index.php')
INFO - 2023-07-29 00:44:24 --> Session: Class initialized using 'CodeIgniter\Session\Handlers\FileHandler' driver.
INFO - 2023-07-29 00:44:26 --> Session: Class initialized using 'CodeIgniter\Session\Handlers\FileHandler' driver.
INFO - 2023-07-29 00:44:26 --> Session: Class initialized using 'CodeIgniter\Session\Handlers\FileHandler' driver.
CRITICAL - 2023-07-29 00:44:26 --> Argument 1 passed to App\Controllers\Admin\Produtos::buscarProdutoOu404() must be of the type int or null, string given, called in C:\xampp\htdocs\food\app\Controllers\Admin\Produtos.php on line 319
in APPPATH\Controllers\Admin\Produtos.php on line 451.
 1 APPPATH\Controllers\Admin\Produtos.php(319): App\Controllers\Admin\Produtos->buscarProdutoOu404('images')
 2 SYSTEMPATH\CodeIgniter.php(932): App\Controllers\Admin\Produtos->especificacoes('images', 'logo.svg')
 3 SYSTEMPATH\CodeIgniter.php(497): CodeIgniter\CodeIgniter->runController(Object(App\Controllers\Admin\Produtos))
 4 SYSTEMPATH\CodeIgniter.php(366): CodeIgniter\CodeIgniter->handleRequest(null, Object(Config\Cache), false)
 5 FCPATH\index.php(67): CodeIgniter\CodeIgniter->run()
 6 SYSTEMPATH\Commands\Server\rewrite.php(47): require_once('C:\\xampp\\htdocs\\food\\public\\index.php')
INFO - 2023-07-29 00:44:26 --> Session: Class initialized using 'CodeIgniter\Session\Handlers\FileHandler' driver.
CRITICAL - 2023-07-29 00:44:26 --> Argument 1 passed to App\Controllers\Admin\Produtos::buscarProdutoOu404() must be of the type int or null, string given, called in C:\xampp\htdocs\food\app\Controllers\Admin\Produtos.php on line 319
in APPPATH\Controllers\Admin\Produtos.php on line 451.
 1 APPPATH\Controllers\Admin\Produtos.php(319): App\Controllers\Admin\Produtos->buscarProdutoOu404('images')
 2 SYSTEMPATH\CodeIgniter.php(932): App\Controllers\Admin\Produtos->especificacoes('images', 'logo-mini.svg')
 3 SYSTEMPATH\CodeIgniter.php(497): CodeIgniter\CodeIgniter->runController(Object(App\Controllers\Admin\Produtos))
 4 SYSTEMPATH\CodeIgniter.php(366): CodeIgniter\CodeIgniter->handleRequest(null, Object(Config\Cache), false)
 5 FCPATH\index.php(67): CodeIgniter\CodeIgniter->run()
 6 SYSTEMPATH\Commands\Server\rewrite.php(47): require_once('C:\\xampp\\htdocs\\food\\public\\index.php')
INFO - 2023-07-29 00:44:26 --> Session: Class initialized using 'CodeIgniter\Session\Handlers\FileHandler' driver.
CRITICAL - 2023-07-29 00:44:26 --> Argument 1 passed to App\Controllers\Admin\Produtos::buscarProdutoOu404() must be of the type int or null, string given, called in C:\xampp\htdocs\food\app\Controllers\Admin\Produtos.php on line 319
in APPPATH\Controllers\Admin\Produtos.php on line 451.
 1 APPPATH\Controllers\Admin\Produtos.php(319): App\Controllers\Admin\Produtos->buscarProdutoOu404('images')
 2 SYSTEMPATH\CodeIgniter.php(932): App\Controllers\Admin\Produtos->especificacoes('images', 'faces', 'face4.jpg')
 3 SYSTEMPATH\CodeIgniter.php(497): CodeIgniter\CodeIgniter->runController(Object(App\Controllers\Admin\Produtos))
 4 SYSTEMPATH\CodeIgniter.php(366): CodeIgniter\CodeIgniter->handleRequest(null, Object(Config\Cache), false)
 5 FCPATH\index.php(67): CodeIgniter\CodeIgniter->run()
 6 SYSTEMPATH\Commands\Server\rewrite.php(47): require_once('C:\\xampp\\htdocs\\food\\public\\index.php')
INFO - 2023-07-29 00:44:26 --> Session: Class initialized using 'CodeIgniter\Session\Handlers\FileHandler' driver.
CRITICAL - 2023-07-29 00:44:26 --> Argument 1 passed to App\Controllers\Admin\Produtos::buscarProdutoOu404() must be of the type int or null, string given, called in C:\xampp\htdocs\food\app\Controllers\Admin\Produtos.php on line 319
in APPPATH\Controllers\Admin\Produtos.php on line 451.
 1 APPPATH\Controllers\Admin\Produtos.php(319): App\Controllers\Admin\Produtos->buscarProdutoOu404('images')
 2 SYSTEMPATH\CodeIgniter.php(932): App\Controllers\Admin\Produtos->especificacoes('images', 'faces', 'face2.jpg')
 3 SYSTEMPATH\CodeIgniter.php(497): CodeIgniter\CodeIgniter->runController(Object(App\Controllers\Admin\Produtos))
 4 SYSTEMPATH\CodeIgniter.php(366): CodeIgniter\CodeIgniter->handleRequest(null, Object(Config\Cache), false)
 5 FCPATH\index.php(67): CodeIgniter\CodeIgniter->run()
 6 SYSTEMPATH\Commands\Server\rewrite.php(47): require_once('C:\\xampp\\htdocs\\food\\public\\index.php')
INFO - 2023-07-29 00:44:27 --> Session: Class initialized using 'CodeIgniter\Session\Handlers\FileHandler' driver.
CRITICAL - 2023-07-29 00:44:27 --> Argument 1 passed to App\Controllers\Admin\Produtos::buscarProdutoOu404() must be of the type int or null, string given, called in C:\xampp\htdocs\food\app\Controllers\Admin\Produtos.php on line 319
in APPPATH\Controllers\Admin\Produtos.php on line 451.
 1 APPPATH\Controllers\Admin\Produtos.php(319): App\Controllers\Admin\Produtos->buscarProdutoOu404('images')
 2 SYSTEMPATH\CodeIgniter.php(932): App\Controllers\Admin\Produtos->especificacoes('images', 'faces', 'face3.jpg')
 3 SYSTEMPATH\CodeIgniter.php(497): CodeIgniter\CodeIgniter->runController(Object(App\Controllers\Admin\Produtos))
 4 SYSTEMPATH\CodeIgniter.php(366): CodeIgniter\CodeIgniter->handleRequest(null, Object(Config\Cache), false)
 5 FCPATH\index.php(67): CodeIgniter\CodeIgniter->run()
 6 SYSTEMPATH\Commands\Server\rewrite.php(47): require_once('C:\\xampp\\htdocs\\food\\public\\index.php')
INFO - 2023-07-29 00:44:27 --> Session: Class initialized using 'CodeIgniter\Session\Handlers\FileHandler' driver.
CRITICAL - 2023-07-29 00:44:27 --> Argument 1 passed to App\Controllers\Admin\Produtos::buscarProdutoOu404() must be of the type int or null, string given, called in C:\xampp\htdocs\food\app\Controllers\Admin\Produtos.php on line 319
in APPPATH\Controllers\Admin\Produtos.php on line 451.
 1 APPPATH\Controllers\Admin\Produtos.php(319): App\Controllers\Admin\Produtos->buscarProdutoOu404('images')
 2 SYSTEMPATH\CodeIgniter.php(932): App\Controllers\Admin\Produtos->especificacoes('images', 'faces', 'face5.jpg')
 3 SYSTEMPATH\CodeIgniter.php(497): CodeIgniter\CodeIgniter->runController(Object(App\Controllers\Admin\Produtos))
 4 SYSTEMPATH\CodeIgniter.php(366): CodeIgniter\CodeIgniter->handleRequest(null, Object(Config\Cache), false)
 5 FCPATH\index.php(67): CodeIgniter\CodeIgniter->run()
 6 SYSTEMPATH\Commands\Server\rewrite.php(47): require_once('C:\\xampp\\htdocs\\food\\public\\index.php')
INFO - 2023-07-29 00:44:37 --> Session: Class initialized using 'CodeIgniter\Session\Handlers\FileHandler' driver.
INFO - 2023-07-29 00:44:37 --> Session: Class initialized using 'CodeIgniter\Session\Handlers\FileHandler' driver.
CRITICAL - 2023-07-29 00:44:37 --> Argument 1 passed to App\Controllers\Admin\Produtos::buscarProdutoOu404() must be of the type int or null, string given, called in C:\xampp\htdocs\food\app\Controllers\Admin\Produtos.php on line 95
in APPPATH\Controllers\Admin\Produtos.php on line 451.
 1 APPPATH\Controllers\Admin\Produtos.php(95): App\Controllers\Admin\Produtos->buscarProdutoOu404('images')
 2 SYSTEMPATH\CodeIgniter.php(932): App\Controllers\Admin\Produtos->show('images', 'logo.svg')
 3 SYSTEMPATH\CodeIgniter.php(497): CodeIgniter\CodeIgniter->runController(Object(App\Controllers\Admin\Produtos))
 4 SYSTEMPATH\CodeIgniter.php(366): CodeIgniter\CodeIgniter->handleRequest(null, Object(Config\Cache), false)
 5 FCPATH\index.php(67): CodeIgniter\CodeIgniter->run()
 6 SYSTEMPATH\Commands\Server\rewrite.php(47): require_once('C:\\xampp\\htdocs\\food\\public\\index.php')
INFO - 2023-07-29 00:44:37 --> Session: Class initialized using 'CodeIgniter\Session\Handlers\FileHandler' driver.
CRITICAL - 2023-07-29 00:44:37 --> Argument 1 passed to App\Controllers\Admin\Produtos::buscarProdutoOu404() must be of the type int or null, string given, called in C:\xampp\htdocs\food\app\Controllers\Admin\Produtos.php on line 95
in APPPATH\Controllers\Admin\Produtos.php on line 451.
 1 APPPATH\Controllers\Admin\Produtos.php(95): App\Controllers\Admin\Produtos->buscarProdutoOu404('images')
 2 SYSTEMPATH\CodeIgniter.php(932): App\Controllers\Admin\Produtos->show('images', 'logo-mini.svg')
 3 SYSTEMPATH\CodeIgniter.php(497): CodeIgniter\CodeIgniter->runController(Object(App\Controllers\Admin\Produtos))
 4 SYSTEMPATH\CodeIgniter.php(366): CodeIgniter\CodeIgniter->handleRequest(null, Object(Config\Cache), false)
 5 FCPATH\index.php(67): CodeIgniter\CodeIgniter->run()
 6 SYSTEMPATH\Commands\Server\rewrite.php(47): require_once('C:\\xampp\\htdocs\\food\\public\\index.php')
INFO - 2023-07-29 00:44:38 --> Session: Class initialized using 'CodeIgniter\Session\Handlers\FileHandler' driver.
CRITICAL - 2023-07-29 00:44:38 --> Argument 1 passed to App\Controllers\Admin\Produtos::buscarProdutoOu404() must be of the type int or null, string given, called in C:\xampp\htdocs\food\app\Controllers\Admin\Produtos.php on line 95
in APPPATH\Controllers\Admin\Produtos.php on line 451.
 1 APPPATH\Controllers\Admin\Produtos.php(95): App\Controllers\Admin\Produtos->buscarProdutoOu404('images')
 2 SYSTEMPATH\CodeIgniter.php(932): App\Controllers\Admin\Produtos->show('images', 'faces', 'face4.jpg')
 3 SYSTEMPATH\CodeIgniter.php(497): CodeIgniter\CodeIgniter->runController(Object(App\Controllers\Admin\Produtos))
 4 SYSTEMPATH\CodeIgniter.php(366): CodeIgniter\CodeIgniter->handleRequest(null, Object(Config\Cache), false)
 5 FCPATH\index.php(67): CodeIgniter\CodeIgniter->run()
 6 SYSTEMPATH\Commands\Server\rewrite.php(47): require_once('C:\\xampp\\htdocs\\food\\public\\index.php')
INFO - 2023-07-29 00:44:38 --> Session: Class initialized using 'CodeIgniter\Session\Handlers\FileHandler' driver.
CRITICAL - 2023-07-29 00:44:38 --> Argument 1 passed to App\Controllers\Admin\Produtos::buscarProdutoOu404() must be of the type int or null, string given, called in C:\xampp\htdocs\food\app\Controllers\Admin\Produtos.php on line 95
in APPPATH\Controllers\Admin\Produtos.php on line 451.
 1 APPPATH\Controllers\Admin\Produtos.php(95): App\Controllers\Admin\Produtos->buscarProdutoOu404('images')
 2 SYSTEMPATH\CodeIgniter.php(932): App\Controllers\Admin\Produtos->show('images', 'faces', 'face2.jpg')
 3 SYSTEMPATH\CodeIgniter.php(497): CodeIgniter\CodeIgniter->runController(Object(App\Controllers\Admin\Produtos))
 4 SYSTEMPATH\CodeIgniter.php(366): CodeIgniter\CodeIgniter->handleRequest(null, Object(Config\Cache), false)
 5 FCPATH\index.php(67): CodeIgniter\CodeIgniter->run()
 6 SYSTEMPATH\Commands\Server\rewrite.php(47): require_once('C:\\xampp\\htdocs\\food\\public\\index.php')
INFO - 2023-07-29 00:44:38 --> Session: Class initialized using 'CodeIgniter\Session\Handlers\FileHandler' driver.
CRITICAL - 2023-07-29 00:44:38 --> Argument 1 passed to App\Controllers\Admin\Produtos::buscarProdutoOu404() must be of the type int or null, string given, called in C:\xampp\htdocs\food\app\Controllers\Admin\Produtos.php on line 95
in APPPATH\Controllers\Admin\Produtos.php on line 451.
 1 APPPATH\Controllers\Admin\Produtos.php(95): App\Controllers\Admin\Produtos->buscarProdutoOu404('images')
 2 SYSTEMPATH\CodeIgniter.php(932): App\Controllers\Admin\Produtos->show('images', 'faces', 'face3.jpg')
 3 SYSTEMPATH\CodeIgniter.php(497): CodeIgniter\CodeIgniter->runController(Object(App\Controllers\Admin\Produtos))
 4 SYSTEMPATH\CodeIgniter.php(366): CodeIgniter\CodeIgniter->handleRequest(null, Object(Config\Cache), false)
 5 FCPATH\index.php(67): CodeIgniter\CodeIgniter->run()
 6 SYSTEMPATH\Commands\Server\rewrite.php(47): require_once('C:\\xampp\\htdocs\\food\\public\\index.php')
INFO - 2023-07-29 00:44:38 --> Session: Class initialized using 'CodeIgniter\Session\Handlers\FileHandler' driver.
INFO - 2023-07-29 00:44:38 --> Session: Class initialized using 'CodeIgniter\Session\Handlers\FileHandler' driver.
CRITICAL - 2023-07-29 00:44:38 --> Argument 1 passed to App\Controllers\Admin\Produtos::buscarProdutoOu404() must be of the type int or null, string given, called in C:\xampp\htdocs\food\app\Controllers\Admin\Produtos.php on line 95
in APPPATH\Controllers\Admin\Produtos.php on line 451.
 1 APPPATH\Controllers\Admin\Produtos.php(95): App\Controllers\Admin\Produtos->buscarProdutoOu404('images')
 2 SYSTEMPATH\CodeIgniter.php(932): App\Controllers\Admin\Produtos->show('images', 'faces', 'face5.jpg')
 3 SYSTEMPATH\CodeIgniter.php(497): CodeIgniter\CodeIgniter->runController(Object(App\Controllers\Admin\Produtos))
 4 SYSTEMPATH\CodeIgniter.php(366): CodeIgniter\CodeIgniter->handleRequest(null, Object(Config\Cache), false)
 5 FCPATH\index.php(67): CodeIgniter\CodeIgniter->run()
 6 SYSTEMPATH\Commands\Server\rewrite.php(47): require_once('C:\\xampp\\htdocs\\food\\public\\index.php')
INFO - 2023-07-29 00:44:40 --> Session: Class initialized using 'CodeIgniter\Session\Handlers\FileHandler' driver.
INFO - 2023-07-29 00:44:40 --> Session: Class initialized using 'CodeIgniter\Session\Handlers\FileHandler' driver.
INFO - 2023-07-29 00:44:41 --> Session: Class initialized using 'CodeIgniter\Session\Handlers\FileHandler' driver.
INFO - 2023-07-29 00:44:41 --> Session: Class initialized using 'CodeIgniter\Session\Handlers\FileHandler' driver.
INFO - 2023-07-29 00:44:42 --> Session: Class initialized using 'CodeIgniter\Session\Handlers\FileHandler' driver.
INFO - 2023-07-29 00:44:46 --> Session: Class initialized using 'CodeIgniter\Session\Handlers\FileHandler' driver.
INFO - 2023-07-29 00:44:46 --> Session: Class initialized using 'CodeIgniter\Session\Handlers\FileHandler' driver.
INFO - 2023-07-29 00:44:46 --> Session: Class initialized using 'CodeIgniter\Session\Handlers\FileHandler' driver.
INFO - 2023-07-29 00:44:50 --> Session: Class initialized using 'CodeIgniter\Session\Handlers\FileHandler' driver.
INFO - 2023-07-29 00:44:50 --> Session: Class initialized using 'CodeIgniter\Session\Handlers\FileHandler' driver.
CRITICAL - 2023-07-29 00:44:50 --> Argument 1 passed to App\Controllers\Admin\Entregadores::buscarEntregadorOu404() must be of the type int or null, string given, called in C:\xampp\htdocs\food\app\Controllers\Admin\Entregadores.php on line 84
in APPPATH\Controllers\Admin\Entregadores.php on line 298.
 1 APPPATH\Controllers\Admin\Entregadores.php(84): App\Controllers\Admin\Entregadores->buscarEntregadorOu404('images')
 2 SYSTEMPATH\CodeIgniter.php(932): App\Controllers\Admin\Entregadores->show('images', 'logo.svg')
 3 SYSTEMPATH\CodeIgniter.php(497): CodeIgniter\CodeIgniter->runController(Object(App\Controllers\Admin\Entregadores))
 4 SYSTEMPATH\CodeIgniter.php(366): CodeIgniter\CodeIgniter->handleRequest(null, Object(Config\Cache), false)
 5 FCPATH\index.php(67): CodeIgniter\CodeIgniter->run()
 6 SYSTEMPATH\Commands\Server\rewrite.php(47): require_once('C:\\xampp\\htdocs\\food\\public\\index.php')
INFO - 2023-07-29 00:44:50 --> Session: Class initialized using 'CodeIgniter\Session\Handlers\FileHandler' driver.
CRITICAL - 2023-07-29 00:44:50 --> Argument 1 passed to App\Controllers\Admin\Entregadores::buscarEntregadorOu404() must be of the type int or null, string given, called in C:\xampp\htdocs\food\app\Controllers\Admin\Entregadores.php on line 84
in APPPATH\Controllers\Admin\Entregadores.php on line 298.
 1 APPPATH\Controllers\Admin\Entregadores.php(84): App\Controllers\Admin\Entregadores->buscarEntregadorOu404('images')
 2 SYSTEMPATH\CodeIgniter.php(932): App\Controllers\Admin\Entregadores->show('images', 'logo-mini.svg')
 3 SYSTEMPATH\CodeIgniter.php(497): CodeIgniter\CodeIgniter->runController(Object(App\Controllers\Admin\Entregadores))
 4 SYSTEMPATH\CodeIgniter.php(366): CodeIgniter\CodeIgniter->handleRequest(null, Object(Config\Cache), false)
 5 FCPATH\index.php(67): CodeIgniter\CodeIgniter->run()
 6 SYSTEMPATH\Commands\Server\rewrite.php(47): require_once('C:\\xampp\\htdocs\\food\\public\\index.php')
INFO - 2023-07-29 00:44:50 --> Session: Class initialized using 'CodeIgniter\Session\Handlers\FileHandler' driver.
CRITICAL - 2023-07-29 00:44:50 --> Argument 1 passed to App\Controllers\Admin\Entregadores::buscarEntregadorOu404() must be of the type int or null, string given, called in C:\xampp\htdocs\food\app\Controllers\Admin\Entregadores.php on line 84
in APPPATH\Controllers\Admin\Entregadores.php on line 298.
 1 APPPATH\Controllers\Admin\Entregadores.php(84): App\Controllers\Admin\Entregadores->buscarEntregadorOu404('images')
 2 SYSTEMPATH\CodeIgniter.php(932): App\Controllers\Admin\Entregadores->show('images', 'faces', 'face4.jpg')
 3 SYSTEMPATH\CodeIgniter.php(497): CodeIgniter\CodeIgniter->runController(Object(App\Controllers\Admin\Entregadores))
 4 SYSTEMPATH\CodeIgniter.php(366): CodeIgniter\CodeIgniter->handleRequest(null, Object(Config\Cache), false)
 5 FCPATH\index.php(67): CodeIgniter\CodeIgniter->run()
 6 SYSTEMPATH\Commands\Server\rewrite.php(47): require_once('C:\\xampp\\htdocs\\food\\public\\index.php')
INFO - 2023-07-29 00:44:51 --> Session: Class initialized using 'CodeIgniter\Session\Handlers\FileHandler' driver.
CRITICAL - 2023-07-29 00:44:51 --> Argument 1 passed to App\Controllers\Admin\Entregadores::buscarEntregadorOu404() must be of the type int or null, string given, called in C:\xampp\htdocs\food\app\Controllers\Admin\Entregadores.php on line 84
in APPPATH\Controllers\Admin\Entregadores.php on line 298.
 1 APPPATH\Controllers\Admin\Entregadores.php(84): App\Controllers\Admin\Entregadores->buscarEntregadorOu404('images')
 2 SYSTEMPATH\CodeIgniter.php(932): App\Controllers\Admin\Entregadores->show('images', 'faces', 'face2.jpg')
 3 SYSTEMPATH\CodeIgniter.php(497): CodeIgniter\CodeIgniter->runController(Object(App\Controllers\Admin\Entregadores))
 4 SYSTEMPATH\CodeIgniter.php(366): CodeIgniter\CodeIgniter->handleRequest(null, Object(Config\Cache), false)
 5 FCPATH\index.php(67): CodeIgniter\CodeIgniter->run()
 6 SYSTEMPATH\Commands\Server\rewrite.php(47): require_once('C:\\xampp\\htdocs\\food\\public\\index.php')
INFO - 2023-07-29 00:44:51 --> Session: Class initialized using 'CodeIgniter\Session\Handlers\FileHandler' driver.
CRITICAL - 2023-07-29 00:44:51 --> Argument 1 passed to App\Controllers\Admin\Entregadores::buscarEntregadorOu404() must be of the type int or null, string given, called in C:\xampp\htdocs\food\app\Controllers\Admin\Entregadores.php on line 84
in APPPATH\Controllers\Admin\Entregadores.php on line 298.
 1 APPPATH\Controllers\Admin\Entregadores.php(84): App\Controllers\Admin\Entregadores->buscarEntregadorOu404('images')
 2 SYSTEMPATH\CodeIgniter.php(932): App\Controllers\Admin\Entregadores->show('images', 'faces', 'face3.jpg')
 3 SYSTEMPATH\CodeIgniter.php(497): CodeIgniter\CodeIgniter->runController(Object(App\Controllers\Admin\Entregadores))
 4 SYSTEMPATH\CodeIgniter.php(366): CodeIgniter\CodeIgniter->handleRequest(null, Object(Config\Cache), false)
 5 FCPATH\index.php(67): CodeIgniter\CodeIgniter->run()
 6 SYSTEMPATH\Commands\Server\rewrite.php(47): require_once('C:\\xampp\\htdocs\\food\\public\\index.php')
INFO - 2023-07-29 00:44:51 --> Session: Class initialized using 'CodeIgniter\Session\Handlers\FileHandler' driver.
CRITICAL - 2023-07-29 00:44:51 --> Argument 1 passed to App\Controllers\Admin\Entregadores::buscarEntregadorOu404() must be of the type int or null, string given, called in C:\xampp\htdocs\food\app\Controllers\Admin\Entregadores.php on line 84
in APPPATH\Controllers\Admin\Entregadores.php on line 298.
 1 APPPATH\Controllers\Admin\Entregadores.php(84): App\Controllers\Admin\Entregadores->buscarEntregadorOu404('images')
 2 SYSTEMPATH\CodeIgniter.php(932): App\Controllers\Admin\Entregadores->show('images', 'faces', 'face5.jpg')
 3 SYSTEMPATH\CodeIgniter.php(497): CodeIgniter\CodeIgniter->runController(Object(App\Controllers\Admin\Entregadores))
 4 SYSTEMPATH\CodeIgniter.php(366): CodeIgniter\CodeIgniter->handleRequest(null, Object(Config\Cache), false)
 5 FCPATH\index.php(67): CodeIgniter\CodeIgniter->run()
 6 SYSTEMPATH\Commands\Server\rewrite.php(47): require_once('C:\\xampp\\htdocs\\food\\public\\index.php')
INFO - 2023-07-29 00:44:51 --> Session: Class initialized using 'CodeIgniter\Session\Handlers\FileHandler' driver.
INFO - 2023-07-29 00:44:54 --> Session: Class initialized using 'CodeIgniter\Session\Handlers\FileHandler' driver.
INFO - 2023-07-29 00:44:54 --> Session: Class initialized using 'CodeIgniter\Session\Handlers\FileHandler' driver.
INFO - 2023-07-29 00:44:54 --> Session: Class initialized using 'CodeIgniter\Session\Handlers\FileHandler' driver.
INFO - 2023-07-29 00:44:56 --> Session: Class initialized using 'CodeIgniter\Session\Handlers\FileHandler' driver.
INFO - 2023-07-29 00:44:56 --> Session: Class initialized using 'CodeIgniter\Session\Handlers\FileHandler' driver.
CRITICAL - 2023-07-29 00:44:56 --> Argument 1 passed to App\Controllers\Admin\Entregadores::buscarEntregadorOu404() must be of the type int or null, string given, called in C:\xampp\htdocs\food\app\Controllers\Admin\Entregadores.php on line 84
in APPPATH\Controllers\Admin\Entregadores.php on line 298.
 1 APPPATH\Controllers\Admin\Entregadores.php(84): App\Controllers\Admin\Entregadores->buscarEntregadorOu404('images')
 2 SYSTEMPATH\CodeIgniter.php(932): App\Controllers\Admin\Entregadores->show('images', 'logo.svg')
 3 SYSTEMPATH\CodeIgniter.php(497): CodeIgniter\CodeIgniter->runController(Object(App\Controllers\Admin\Entregadores))
 4 SYSTEMPATH\CodeIgniter.php(366): CodeIgniter\CodeIgniter->handleRequest(null, Object(Config\Cache), false)
 5 FCPATH\index.php(67): CodeIgniter\CodeIgniter->run()
 6 SYSTEMPATH\Commands\Server\rewrite.php(47): require_once('C:\\xampp\\htdocs\\food\\public\\index.php')
INFO - 2023-07-29 00:44:56 --> Session: Class initialized using 'CodeIgniter\Session\Handlers\FileHandler' driver.
CRITICAL - 2023-07-29 00:44:56 --> Argument 1 passed to App\Controllers\Admin\Entregadores::buscarEntregadorOu404() must be of the type int or null, string given, called in C:\xampp\htdocs\food\app\Controllers\Admin\Entregadores.php on line 84
in APPPATH\Controllers\Admin\Entregadores.php on line 298.
 1 APPPATH\Controllers\Admin\Entregadores.php(84): App\Controllers\Admin\Entregadores->buscarEntregadorOu404('images')
 2 SYSTEMPATH\CodeIgniter.php(932): App\Controllers\Admin\Entregadores->show('images', 'logo-mini.svg')
 3 SYSTEMPATH\CodeIgniter.php(497): CodeIgniter\CodeIgniter->runController(Object(App\Controllers\Admin\Entregadores))
 4 SYSTEMPATH\CodeIgniter.php(366): CodeIgniter\CodeIgniter->handleRequest(null, Object(Config\Cache), false)
 5 FCPATH\index.php(67): CodeIgniter\CodeIgniter->run()
 6 SYSTEMPATH\Commands\Server\rewrite.php(47): require_once('C:\\xampp\\htdocs\\food\\public\\index.php')
INFO - 2023-07-29 00:44:56 --> Session: Class initialized using 'CodeIgniter\Session\Handlers\FileHandler' driver.
CRITICAL - 2023-07-29 00:44:56 --> Argument 1 passed to App\Controllers\Admin\Entregadores::buscarEntregadorOu404() must be of the type int or null, string given, called in C:\xampp\htdocs\food\app\Controllers\Admin\Entregadores.php on line 84
in APPPATH\Controllers\Admin\Entregadores.php on line 298.
 1 APPPATH\Controllers\Admin\Entregadores.php(84): App\Controllers\Admin\Entregadores->buscarEntregadorOu404('images')
 2 SYSTEMPATH\CodeIgniter.php(932): App\Controllers\Admin\Entregadores->show('images', 'faces', 'face4.jpg')
 3 SYSTEMPATH\CodeIgniter.php(497): CodeIgniter\CodeIgniter->runController(Object(App\Controllers\Admin\Entregadores))
 4 SYSTEMPATH\CodeIgniter.php(366): CodeIgniter\CodeIgniter->handleRequest(null, Object(Config\Cache), false)
 5 FCPATH\index.php(67): CodeIgniter\CodeIgniter->run()
 6 SYSTEMPATH\Commands\Server\rewrite.php(47): require_once('C:\\xampp\\htdocs\\food\\public\\index.php')
INFO - 2023-07-29 00:44:56 --> Session: Class initialized using 'CodeIgniter\Session\Handlers\FileHandler' driver.
CRITICAL - 2023-07-29 00:44:56 --> Argument 1 passed to App\Controllers\Admin\Entregadores::buscarEntregadorOu404() must be of the type int or null, string given, called in C:\xampp\htdocs\food\app\Controllers\Admin\Entregadores.php on line 84
in APPPATH\Controllers\Admin\Entregadores.php on line 298.
 1 APPPATH\Controllers\Admin\Entregadores.php(84): App\Controllers\Admin\Entregadores->buscarEntregadorOu404('images')
 2 SYSTEMPATH\CodeIgniter.php(932): App\Controllers\Admin\Entregadores->show('images', 'faces', 'face2.jpg')
 3 SYSTEMPATH\CodeIgniter.php(497): CodeIgniter\CodeIgniter->runController(Object(App\Controllers\Admin\Entregadores))
 4 SYSTEMPATH\CodeIgniter.php(366): CodeIgniter\CodeIgniter->handleRequest(null, Object(Config\Cache), false)
 5 FCPATH\index.php(67): CodeIgniter\CodeIgniter->run()
 6 SYSTEMPATH\Commands\Server\rewrite.php(47): require_once('C:\\xampp\\htdocs\\food\\public\\index.php')
INFO - 2023-07-29 00:44:56 --> Session: Class initialized using 'CodeIgniter\Session\Handlers\FileHandler' driver.
CRITICAL - 2023-07-29 00:44:56 --> Argument 1 passed to App\Controllers\Admin\Entregadores::buscarEntregadorOu404() must be of the type int or null, string given, called in C:\xampp\htdocs\food\app\Controllers\Admin\Entregadores.php on line 84
in APPPATH\Controllers\Admin\Entregadores.php on line 298.
 1 APPPATH\Controllers\Admin\Entregadores.php(84): App\Controllers\Admin\Entregadores->buscarEntregadorOu404('images')
 2 SYSTEMPATH\CodeIgniter.php(932): App\Controllers\Admin\Entregadores->show('images', 'faces', 'face3.jpg')
 3 SYSTEMPATH\CodeIgniter.php(497): CodeIgniter\CodeIgniter->runController(Object(App\Controllers\Admin\Entregadores))
 4 SYSTEMPATH\CodeIgniter.php(366): CodeIgniter\CodeIgniter->handleRequest(null, Object(Config\Cache), false)
 5 FCPATH\index.php(67): CodeIgniter\CodeIgniter->run()
 6 SYSTEMPATH\Commands\Server\rewrite.php(47): require_once('C:\\xampp\\htdocs\\food\\public\\index.php')
INFO - 2023-07-29 00:44:56 --> Session: Class initialized using 'CodeIgniter\Session\Handlers\FileHandler' driver.
CRITICAL - 2023-07-29 00:44:56 --> Argument 1 passed to App\Controllers\Admin\Entregadores::buscarEntregadorOu404() must be of the type int or null, string given, called in C:\xampp\htdocs\food\app\Controllers\Admin\Entregadores.php on line 84
in APPPATH\Controllers\Admin\Entregadores.php on line 298.
 1 APPPATH\Controllers\Admin\Entregadores.php(84): App\Controllers\Admin\Entregadores->buscarEntregadorOu404('images')
 2 SYSTEMPATH\CodeIgniter.php(932): App\Controllers\Admin\Entregadores->show('images', 'faces', 'face5.jpg')
 3 SYSTEMPATH\CodeIgniter.php(497): CodeIgniter\CodeIgniter->runController(Object(App\Controllers\Admin\Entregadores))
 4 SYSTEMPATH\CodeIgniter.php(366): CodeIgniter\CodeIgniter->handleRequest(null, Object(Config\Cache), false)
 5 FCPATH\index.php(67): CodeIgniter\CodeIgniter->run()
 6 SYSTEMPATH\Commands\Server\rewrite.php(47): require_once('C:\\xampp\\htdocs\\food\\public\\index.php')
INFO - 2023-07-29 00:44:59 --> Session: Class initialized using 'CodeIgniter\Session\Handlers\FileHandler' driver.
INFO - 2023-07-29 00:45:00 --> Session: Class initialized using 'CodeIgniter\Session\Handlers\FileHandler' driver.
INFO - 2023-07-29 00:45:00 --> Session: Class initialized using 'CodeIgniter\Session\Handlers\FileHandler' driver.
INFO - 2023-07-29 00:45:01 --> Session: Class initialized using 'CodeIgniter\Session\Handlers\FileHandler' driver.
INFO - 2023-07-29 00:45:02 --> Session: Class initialized using 'CodeIgniter\Session\Handlers\FileHandler' driver.
INFO - 2023-07-29 00:45:05 --> Session: Class initialized using 'CodeIgniter\Session\Handlers\FileHandler' driver.
