INFO - 2023-08-08 00:06:15 --> Session: Class initialized using 'CodeIgniter\Session\Handlers\FileHandler' driver.
INFO - 2023-08-08 00:06:18 --> Session: Class initialized using 'CodeIgniter\Session\Handlers\FileHandler' driver.
INFO - 2023-08-08 00:06:27 --> CSRF token verified.
INFO - 2023-08-08 00:06:27 --> Session: Class initialized using 'CodeIgniter\Session\Handlers\FileHandler' driver.
INFO - 2023-08-08 00:06:27 --> Session: Class initialized using 'CodeIgniter\Session\Handlers\FileHandler' driver.
INFO - 2023-08-08 00:33:39 --> Session: Class initialized using 'CodeIgniter\Session\Handlers\FileHandler' driver.
INFO - 2023-08-08 00:33:44 --> Session: Class initialized using 'CodeIgniter\Session\Handlers\FileHandler' driver.
INFO - 2023-08-08 00:33:44 --> Session: Class initialized using 'CodeIgniter\Session\Handlers\FileHandler' driver.
INFO - 2023-08-08 00:33:45 --> Session: Class initialized using 'CodeIgniter\Session\Handlers\FileHandler' driver.
INFO - 2023-08-08 00:33:46 --> Session: Class initialized using 'CodeIgniter\Session\Handlers\FileHandler' driver.
INFO - 2023-08-08 00:33:47 --> Session: Class initialized using 'CodeIgniter\Session\Handlers\FileHandler' driver.
INFO - 2023-08-08 00:33:47 --> Session: Class initialized using 'CodeIgniter\Session\Handlers\FileHandler' driver.
INFO - 2023-08-08 00:33:47 --> Session: Class initialized using 'CodeIgniter\Session\Handlers\FileHandler' driver.
INFO - 2023-08-08 00:33:48 --> Session: Class initialized using 'CodeIgniter\Session\Handlers\FileHandler' driver.
INFO - 2023-08-08 00:33:49 --> Session: Class initialized using 'CodeIgniter\Session\Handlers\FileHandler' driver.
INFO - 2023-08-08 00:33:51 --> Session: Class initialized using 'CodeIgniter\Session\Handlers\FileHandler' driver.
INFO - 2023-08-08 00:33:56 --> Session: Class initialized using 'CodeIgniter\Session\Handlers\FileHandler' driver.
INFO - 2023-08-08 00:34:02 --> Session: Class initialized using 'CodeIgniter\Session\Handlers\FileHandler' driver.
INFO - 2023-08-08 00:34:12 --> Session: Class initialized using 'CodeIgniter\Session\Handlers\FileHandler' driver.
INFO - 2023-08-08 00:34:31 --> Session: Class initialized using 'CodeIgniter\Session\Handlers\FileHandler' driver.
INFO - 2023-08-08 00:34:31 --> Session: Class initialized using 'CodeIgniter\Session\Handlers\FileHandler' driver.
INFO - 2023-08-08 00:34:31 --> Session: Class initialized using 'CodeIgniter\Session\Handlers\FileHandler' driver.
INFO - 2023-08-08 00:34:38 --> CSRF token verified.
INFO - 2023-08-08 00:34:38 --> Session: Class initialized using 'CodeIgniter\Session\Handlers\FileHandler' driver.
INFO - 2023-08-08 00:34:38 --> Session: Class initialized using 'CodeIgniter\Session\Handlers\FileHandler' driver.
INFO - 2023-08-08 00:34:38 --> Session: Class initialized using 'CodeIgniter\Session\Handlers\FileHandler' driver.
INFO - 2023-08-08 00:34:38 --> Session: Class initialized using 'CodeIgniter\Session\Handlers\FileHandler' driver.
INFO - 2023-08-08 00:34:38 --> Session: Class initialized using 'CodeIgniter\Session\Handlers\FileHandler' driver.
INFO - 2023-08-08 00:34:43 --> Session: Class initialized using 'CodeIgniter\Session\Handlers\FileHandler' driver.
INFO - 2023-08-08 00:34:52 --> Session: Class initialized using 'CodeIgniter\Session\Handlers\FileHandler' driver.
INFO - 2023-08-08 00:38:28 --> Session: Class initialized using 'CodeIgniter\Session\Handlers\FileHandler' driver.
INFO - 2023-08-08 00:38:30 --> Session: Class initialized using 'CodeIgniter\Session\Handlers\FileHandler' driver.
INFO - 2023-08-08 00:38:30 --> Session: Class initialized using 'CodeIgniter\Session\Handlers\FileHandler' driver.
INFO - 2023-08-08 00:38:30 --> Session: Class initialized using 'CodeIgniter\Session\Handlers\FileHandler' driver.
INFO - 2023-08-08 00:38:30 --> Session: Class initialized using 'CodeIgniter\Session\Handlers\FileHandler' driver.
INFO - 2023-08-08 00:38:30 --> Session: Class initialized using 'CodeIgniter\Session\Handlers\FileHandler' driver.
INFO - 2023-08-08 00:38:31 --> Session: Class initialized using 'CodeIgniter\Session\Handlers\FileHandler' driver.
INFO - 2023-08-08 00:38:31 --> Session: Class initialized using 'CodeIgniter\Session\Handlers\FileHandler' driver.
INFO - 2023-08-08 00:38:31 --> Session: Class initialized using 'CodeIgniter\Session\Handlers\FileHandler' driver.
INFO - 2023-08-08 00:38:31 --> Session: Class initialized using 'CodeIgniter\Session\Handlers\FileHandler' driver.
INFO - 2023-08-08 00:39:12 --> Session: Class initialized using 'CodeIgniter\Session\Handlers\FileHandler' driver.
INFO - 2023-08-08 00:39:13 --> Session: Class initialized using 'CodeIgniter\Session\Handlers\FileHandler' driver.
INFO - 2023-08-08 00:39:13 --> Session: Class initialized using 'CodeIgniter\Session\Handlers\FileHandler' driver.
INFO - 2023-08-08 00:39:30 --> CSRF token verified.
INFO - 2023-08-08 00:39:30 --> Session: Class initialized using 'CodeIgniter\Session\Handlers\FileHandler' driver.
INFO - 2023-08-08 00:39:30 --> Session: Class initialized using 'CodeIgniter\Session\Handlers\FileHandler' driver.
INFO - 2023-08-08 00:39:30 --> Session: Class initialized using 'CodeIgniter\Session\Handlers\FileHandler' driver.
INFO - 2023-08-08 00:39:30 --> Session: Class initialized using 'CodeIgniter\Session\Handlers\FileHandler' driver.
INFO - 2023-08-08 00:39:35 --> CSRF token verified.
INFO - 2023-08-08 00:39:35 --> Session: Class initialized using 'CodeIgniter\Session\Handlers\FileHandler' driver.
INFO - 2023-08-08 00:39:35 --> Session: Class initialized using 'CodeIgniter\Session\Handlers\FileHandler' driver.
INFO - 2023-08-08 00:39:35 --> Session: Class initialized using 'CodeIgniter\Session\Handlers\FileHandler' driver.
INFO - 2023-08-08 00:39:35 --> Session: Class initialized using 'CodeIgniter\Session\Handlers\FileHandler' driver.
INFO - 2023-08-08 00:39:41 --> CSRF token verified.
INFO - 2023-08-08 00:39:41 --> Session: Class initialized using 'CodeIgniter\Session\Handlers\FileHandler' driver.
ERROR - 2023-08-08 00:39:41 --> mysqli_sql_exception: Field 'ingredientes' doesn't have a default value in C:\xampp\htdocs\food\system\Database\MySQLi\Connection.php:295
Stack trace:
#0 C:\xampp\htdocs\food\system\Database\MySQLi\Connection.php(295): mysqli->query('INSERT INTO `pr...', 0)
#1 C:\xampp\htdocs\food\system\Database\BaseConnection.php(692): CodeIgniter\Database\MySQLi\Connection->execute('INSERT INTO `pr...')
#2 C:\xampp\htdocs\food\system\Database\BaseConnection.php(606): CodeIgniter\Database\BaseConnection->simpleQuery('INSERT INTO `pr...')
#3 C:\xampp\htdocs\food\system\Database\BaseBuilder.php(2309): CodeIgniter\Database\BaseConnection->query('INSERT INTO `pr...', Array, false)
#4 C:\xampp\htdocs\food\system\Model.php(330): CodeIgniter\Database\BaseBuilder->insert()
#5 C:\xampp\htdocs\food\system\BaseModel.php(782): CodeIgniter\Model->doInsert(Array)
#6 C:\xampp\htdocs\food\system\Model.php(730): CodeIgniter\BaseModel->insert(Array, false)
#7 C:\xampp\htdocs\food\system\BaseModel.php(692): CodeIgniter\Model->insert(Object(App\Entities\Produto), false)
#8 C:\xampp\htdocs\food\app\Controllers\Admin\Produtos.php(78): CodeIgniter\BaseModel->save(Object(App\Entities\Produto))
#9 C:\xampp\htdocs\food\system\CodeIgniter.php(932): App\Controllers\Admin\Produtos->cadastrar()
#10 C:\xampp\htdocs\food\system\CodeIgniter.php(497): CodeIgniter\CodeIgniter->runController(Object(App\Controllers\Admin\Produtos))
#11 C:\xampp\htdocs\food\system\CodeIgniter.php(366): CodeIgniter\CodeIgniter->handleRequest(NULL, Object(Config\Cache), false)
#12 C:\xampp\htdocs\food\public\index.php(67): CodeIgniter\CodeIgniter->run()
#13 C:\xampp\htdocs\food\system\Commands\Server\rewrite.php(47): require_once('C:\\xampp\\htdocs...')
#14 {main}
CRITICAL - 2023-08-08 00:39:41 --> Field 'ingredientes' doesn't have a default value
in SYSTEMPATH\Database\MySQLi\Connection.php on line 295.
 1 SYSTEMPATH\Database\MySQLi\Connection.php(295): mysqli->query('INSERT INTO `produtos` (`nome`, `categoria_id`, `ativo`, `criado_em`, `atualizado_em`, `slug`) VALUES (\'teste\', \'2\', \'1\', \'2023-08-08 00:39:41\', \'2023-08-08 00:39:41\', \'teste\')', 0)
 2 SYSTEMPATH\Database\BaseConnection.php(692): CodeIgniter\Database\MySQLi\Connection->execute('INSERT INTO `produtos` (`nome`, `categoria_id`, `ativo`, `criado_em`, `atualizado_em`, `slug`) VALUES (\'teste\', \'2\', \'1\', \'2023-08-08 00:39:41\', \'2023-08-08 00:39:41\', \'teste\')')
 3 SYSTEMPATH\Database\BaseConnection.php(606): CodeIgniter\Database\BaseConnection->simpleQuery('INSERT INTO `produtos` (`nome`, `categoria_id`, `ativo`, `criado_em`, `atualizado_em`, `slug`) VALUES (\'teste\', \'2\', \'1\', \'2023-08-08 00:39:41\', \'2023-08-08 00:39:41\', \'teste\')')
 4 SYSTEMPATH\Database\BaseBuilder.php(2309): CodeIgniter\Database\BaseConnection->query('INSERT INTO `produtos` (`nome`, `categoria_id`, `ativo`, `criado_em`, `atualizado_em`, `slug`) VALUES (:nome:, :categoria_id:, :ativo:, :criado_em:, :atualizado_em:, :slug:)', [...], false)
 5 SYSTEMPATH\Model.php(330): CodeIgniter\Database\BaseBuilder->insert()
 6 SYSTEMPATH\BaseModel.php(782): CodeIgniter\Model->doInsert([...])
 7 SYSTEMPATH\Model.php(730): CodeIgniter\BaseModel->insert([...], false)
 8 SYSTEMPATH\BaseModel.php(692): CodeIgniter\Model->insert(Object(App\Entities\Produto), false)
 9 APPPATH\Controllers\Admin\Produtos.php(78): CodeIgniter\BaseModel->save(Object(App\Entities\Produto))
10 SYSTEMPATH\CodeIgniter.php(932): App\Controllers\Admin\Produtos->cadastrar()
11 SYSTEMPATH\CodeIgniter.php(497): CodeIgniter\CodeIgniter->runController(Object(App\Controllers\Admin\Produtos))
12 SYSTEMPATH\CodeIgniter.php(366): CodeIgniter\CodeIgniter->handleRequest(null, Object(Config\Cache), false)
13 FCPATH\index.php(67): CodeIgniter\CodeIgniter->run()
14 SYSTEMPATH\Commands\Server\rewrite.php(47): require_once('C:\\xampp\\htdocs\\food\\public\\index.php')
INFO - 2023-08-08 00:44:29 --> CSRF token verified.
INFO - 2023-08-08 00:44:29 --> Session: Class initialized using 'CodeIgniter\Session\Handlers\FileHandler' driver.
ERROR - 2023-08-08 00:44:29 --> mysqli_sql_exception: Field 'ingredientes' doesn't have a default value in C:\xampp\htdocs\food\system\Database\MySQLi\Connection.php:295
Stack trace:
#0 C:\xampp\htdocs\food\system\Database\MySQLi\Connection.php(295): mysqli->query('INSERT INTO `pr...', 0)
#1 C:\xampp\htdocs\food\system\Database\BaseConnection.php(692): CodeIgniter\Database\MySQLi\Connection->execute('INSERT INTO `pr...')
#2 C:\xampp\htdocs\food\system\Database\BaseConnection.php(606): CodeIgniter\Database\BaseConnection->simpleQuery('INSERT INTO `pr...')
#3 C:\xampp\htdocs\food\system\Database\BaseBuilder.php(2309): CodeIgniter\Database\BaseConnection->query('INSERT INTO `pr...', Array, false)
#4 C:\xampp\htdocs\food\system\Model.php(330): CodeIgniter\Database\BaseBuilder->insert()
#5 C:\xampp\htdocs\food\system\BaseModel.php(782): CodeIgniter\Model->doInsert(Array)
#6 C:\xampp\htdocs\food\system\Model.php(730): CodeIgniter\BaseModel->insert(Array, false)
#7 C:\xampp\htdocs\food\system\BaseModel.php(692): CodeIgniter\Model->insert(Object(App\Entities\Produto), false)
#8 C:\xampp\htdocs\food\app\Controllers\Admin\Produtos.php(78): CodeIgniter\BaseModel->save(Object(App\Entities\Produto))
#9 C:\xampp\htdocs\food\system\CodeIgniter.php(932): App\Controllers\Admin\Produtos->cadastrar()
#10 C:\xampp\htdocs\food\system\CodeIgniter.php(497): CodeIgniter\CodeIgniter->runController(Object(App\Controllers\Admin\Produtos))
#11 C:\xampp\htdocs\food\system\CodeIgniter.php(366): CodeIgniter\CodeIgniter->handleRequest(NULL, Object(Config\Cache), false)
#12 C:\xampp\htdocs\food\public\index.php(67): CodeIgniter\CodeIgniter->run()
#13 C:\xampp\htdocs\food\system\Commands\Server\rewrite.php(47): require_once('C:\\xampp\\htdocs...')
#14 {main}
CRITICAL - 2023-08-08 00:44:29 --> Field 'ingredientes' doesn't have a default value
in SYSTEMPATH\Database\MySQLi\Connection.php on line 295.
 1 SYSTEMPATH\Database\MySQLi\Connection.php(295): mysqli->query('INSERT INTO `produtos` (`nome`, `categoria_id`, `ativo`, `criado_em`, `atualizado_em`, `slug`) VALUES (\'teste\', \'2\', \'1\', \'2023-08-08 00:44:29\', \'2023-08-08 00:44:29\', \'teste\')', 0)
 2 SYSTEMPATH\Database\BaseConnection.php(692): CodeIgniter\Database\MySQLi\Connection->execute('INSERT INTO `produtos` (`nome`, `categoria_id`, `ativo`, `criado_em`, `atualizado_em`, `slug`) VALUES (\'teste\', \'2\', \'1\', \'2023-08-08 00:44:29\', \'2023-08-08 00:44:29\', \'teste\')')
 3 SYSTEMPATH\Database\BaseConnection.php(606): CodeIgniter\Database\BaseConnection->simpleQuery('INSERT INTO `produtos` (`nome`, `categoria_id`, `ativo`, `criado_em`, `atualizado_em`, `slug`) VALUES (\'teste\', \'2\', \'1\', \'2023-08-08 00:44:29\', \'2023-08-08 00:44:29\', \'teste\')')
 4 SYSTEMPATH\Database\BaseBuilder.php(2309): CodeIgniter\Database\BaseConnection->query('INSERT INTO `produtos` (`nome`, `categoria_id`, `ativo`, `criado_em`, `atualizado_em`, `slug`) VALUES (:nome:, :categoria_id:, :ativo:, :criado_em:, :atualizado_em:, :slug:)', [...], false)
 5 SYSTEMPATH\Model.php(330): CodeIgniter\Database\BaseBuilder->insert()
 6 SYSTEMPATH\BaseModel.php(782): CodeIgniter\Model->doInsert([...])
 7 SYSTEMPATH\Model.php(730): CodeIgniter\BaseModel->insert([...], false)
 8 SYSTEMPATH\BaseModel.php(692): CodeIgniter\Model->insert(Object(App\Entities\Produto), false)
 9 APPPATH\Controllers\Admin\Produtos.php(78): CodeIgniter\BaseModel->save(Object(App\Entities\Produto))
10 SYSTEMPATH\CodeIgniter.php(932): App\Controllers\Admin\Produtos->cadastrar()
11 SYSTEMPATH\CodeIgniter.php(497): CodeIgniter\CodeIgniter->runController(Object(App\Controllers\Admin\Produtos))
12 SYSTEMPATH\CodeIgniter.php(366): CodeIgniter\CodeIgniter->handleRequest(null, Object(Config\Cache), false)
13 FCPATH\index.php(67): CodeIgniter\CodeIgniter->run()
14 SYSTEMPATH\Commands\Server\rewrite.php(47): require_once('C:\\xampp\\htdocs\\food\\public\\index.php')
INFO - 2023-08-08 00:44:36 --> Session: Class initialized using 'CodeIgniter\Session\Handlers\FileHandler' driver.
INFO - 2023-08-08 00:44:36 --> Session: Class initialized using 'CodeIgniter\Session\Handlers\FileHandler' driver.
INFO - 2023-08-08 00:44:36 --> Session: Class initialized using 'CodeIgniter\Session\Handlers\FileHandler' driver.
INFO - 2023-08-08 00:45:00 --> Session: Class initialized using 'CodeIgniter\Session\Handlers\FileHandler' driver.
INFO - 2023-08-08 00:45:00 --> Session: Class initialized using 'CodeIgniter\Session\Handlers\FileHandler' driver.
INFO - 2023-08-08 00:45:00 --> Session: Class initialized using 'CodeIgniter\Session\Handlers\FileHandler' driver.
INFO - 2023-08-08 00:45:08 --> CSRF token verified.
INFO - 2023-08-08 00:45:08 --> Session: Class initialized using 'CodeIgniter\Session\Handlers\FileHandler' driver.
ERROR - 2023-08-08 00:45:08 --> mysqli_sql_exception: Field 'imagem' doesn't have a default value in C:\xampp\htdocs\food\system\Database\MySQLi\Connection.php:295
Stack trace:
#0 C:\xampp\htdocs\food\system\Database\MySQLi\Connection.php(295): mysqli->query('INSERT INTO `pr...', 0)
#1 C:\xampp\htdocs\food\system\Database\BaseConnection.php(692): CodeIgniter\Database\MySQLi\Connection->execute('INSERT INTO `pr...')
#2 C:\xampp\htdocs\food\system\Database\BaseConnection.php(606): CodeIgniter\Database\BaseConnection->simpleQuery('INSERT INTO `pr...')
#3 C:\xampp\htdocs\food\system\Database\BaseBuilder.php(2309): CodeIgniter\Database\BaseConnection->query('INSERT INTO `pr...', Array, false)
#4 C:\xampp\htdocs\food\system\Model.php(330): CodeIgniter\Database\BaseBuilder->insert()
#5 C:\xampp\htdocs\food\system\BaseModel.php(782): CodeIgniter\Model->doInsert(Array)
#6 C:\xampp\htdocs\food\system\Model.php(730): CodeIgniter\BaseModel->insert(Array, false)
#7 C:\xampp\htdocs\food\system\BaseModel.php(692): CodeIgniter\Model->insert(Object(App\Entities\Produto), false)
#8 C:\xampp\htdocs\food\app\Controllers\Admin\Produtos.php(78): CodeIgniter\BaseModel->save(Object(App\Entities\Produto))
#9 C:\xampp\htdocs\food\system\CodeIgniter.php(932): App\Controllers\Admin\Produtos->cadastrar()
#10 C:\xampp\htdocs\food\system\CodeIgniter.php(497): CodeIgniter\CodeIgniter->runController(Object(App\Controllers\Admin\Produtos))
#11 C:\xampp\htdocs\food\system\CodeIgniter.php(366): CodeIgniter\CodeIgniter->handleRequest(NULL, Object(Config\Cache), false)
#12 C:\xampp\htdocs\food\public\index.php(67): CodeIgniter\CodeIgniter->run()
#13 C:\xampp\htdocs\food\system\Commands\Server\rewrite.php(47): require_once('C:\\xampp\\htdocs...')
#14 {main}
CRITICAL - 2023-08-08 00:45:08 --> Field 'imagem' doesn't have a default value
in SYSTEMPATH\Database\MySQLi\Connection.php on line 295.
 1 SYSTEMPATH\Database\MySQLi\Connection.php(295): mysqli->query('INSERT INTO `produtos` (`nome`, `categoria_id`, `ativo`, `criado_em`, `atualizado_em`, `slug`) VALUES (\'qwewqe\', \'1\', \'1\', \'2023-08-08 00:45:08\', \'2023-08-08 00:45:08\', \'qwewqe\')', 0)
 2 SYSTEMPATH\Database\BaseConnection.php(692): CodeIgniter\Database\MySQLi\Connection->execute('INSERT INTO `produtos` (`nome`, `categoria_id`, `ativo`, `criado_em`, `atualizado_em`, `slug`) VALUES (\'qwewqe\', \'1\', \'1\', \'2023-08-08 00:45:08\', \'2023-08-08 00:45:08\', \'qwewqe\')')
 3 SYSTEMPATH\Database\BaseConnection.php(606): CodeIgniter\Database\BaseConnection->simpleQuery('INSERT INTO `produtos` (`nome`, `categoria_id`, `ativo`, `criado_em`, `atualizado_em`, `slug`) VALUES (\'qwewqe\', \'1\', \'1\', \'2023-08-08 00:45:08\', \'2023-08-08 00:45:08\', \'qwewqe\')')
 4 SYSTEMPATH\Database\BaseBuilder.php(2309): CodeIgniter\Database\BaseConnection->query('INSERT INTO `produtos` (`nome`, `categoria_id`, `ativo`, `criado_em`, `atualizado_em`, `slug`) VALUES (:nome:, :categoria_id:, :ativo:, :criado_em:, :atualizado_em:, :slug:)', [...], false)
 5 SYSTEMPATH\Model.php(330): CodeIgniter\Database\BaseBuilder->insert()
 6 SYSTEMPATH\BaseModel.php(782): CodeIgniter\Model->doInsert([...])
 7 SYSTEMPATH\Model.php(730): CodeIgniter\BaseModel->insert([...], false)
 8 SYSTEMPATH\BaseModel.php(692): CodeIgniter\Model->insert(Object(App\Entities\Produto), false)
 9 APPPATH\Controllers\Admin\Produtos.php(78): CodeIgniter\BaseModel->save(Object(App\Entities\Produto))
10 SYSTEMPATH\CodeIgniter.php(932): App\Controllers\Admin\Produtos->cadastrar()
11 SYSTEMPATH\CodeIgniter.php(497): CodeIgniter\CodeIgniter->runController(Object(App\Controllers\Admin\Produtos))
12 SYSTEMPATH\CodeIgniter.php(366): CodeIgniter\CodeIgniter->handleRequest(null, Object(Config\Cache), false)
13 FCPATH\index.php(67): CodeIgniter\CodeIgniter->run()
14 SYSTEMPATH\Commands\Server\rewrite.php(47): require_once('C:\\xampp\\htdocs\\food\\public\\index.php')
INFO - 2023-08-08 00:46:09 --> CSRF token verified.
INFO - 2023-08-08 00:46:09 --> Session: Class initialized using 'CodeIgniter\Session\Handlers\FileHandler' driver.
INFO - 2023-08-08 00:46:10 --> Session: Class initialized using 'CodeIgniter\Session\Handlers\FileHandler' driver.
INFO - 2023-08-08 00:46:10 --> Session: Class initialized using 'CodeIgniter\Session\Handlers\FileHandler' driver.
CRITICAL - 2023-08-08 00:46:10 --> Argument 1 passed to App\Controllers\Admin\Produtos::buscarProdutoOu404() must be of the type int or null, string given, called in C:\xampp\htdocs\food\app\Controllers\Admin\Produtos.php on line 95
in APPPATH\Controllers\Admin\Produtos.php on line 451.
 1 APPPATH\Controllers\Admin\Produtos.php(95): App\Controllers\Admin\Produtos->buscarProdutoOu404('images')
 2 SYSTEMPATH\CodeIgniter.php(932): App\Controllers\Admin\Produtos->show('images', 'logo.svg')
 3 SYSTEMPATH\CodeIgniter.php(497): CodeIgniter\CodeIgniter->runController(Object(App\Controllers\Admin\Produtos))
 4 SYSTEMPATH\CodeIgniter.php(366): CodeIgniter\CodeIgniter->handleRequest(null, Object(Config\Cache), false)
 5 FCPATH\index.php(67): CodeIgniter\CodeIgniter->run()
 6 SYSTEMPATH\Commands\Server\rewrite.php(47): require_once('C:\\xampp\\htdocs\\food\\public\\index.php')
INFO - 2023-08-08 00:46:10 --> Session: Class initialized using 'CodeIgniter\Session\Handlers\FileHandler' driver.
CRITICAL - 2023-08-08 00:46:10 --> Argument 1 passed to App\Controllers\Admin\Produtos::buscarProdutoOu404() must be of the type int or null, string given, called in C:\xampp\htdocs\food\app\Controllers\Admin\Produtos.php on line 95
in APPPATH\Controllers\Admin\Produtos.php on line 451.
 1 APPPATH\Controllers\Admin\Produtos.php(95): App\Controllers\Admin\Produtos->buscarProdutoOu404('images')
 2 SYSTEMPATH\CodeIgniter.php(932): App\Controllers\Admin\Produtos->show('images', 'logo-mini.svg')
 3 SYSTEMPATH\CodeIgniter.php(497): CodeIgniter\CodeIgniter->runController(Object(App\Controllers\Admin\Produtos))
 4 SYSTEMPATH\CodeIgniter.php(366): CodeIgniter\CodeIgniter->handleRequest(null, Object(Config\Cache), false)
 5 FCPATH\index.php(67): CodeIgniter\CodeIgniter->run()
 6 SYSTEMPATH\Commands\Server\rewrite.php(47): require_once('C:\\xampp\\htdocs\\food\\public\\index.php')
INFO - 2023-08-08 08:34:48 --> Session: Class initialized using 'CodeIgniter\Session\Handlers\FileHandler' driver.
INFO - 2023-08-08 08:34:48 --> Session: Class initialized using 'CodeIgniter\Session\Handlers\FileHandler' driver.
INFO - 2023-08-08 08:34:51 --> Session: Class initialized using 'CodeIgniter\Session\Handlers\FileHandler' driver.
CRITICAL - 2023-08-08 08:34:51 --> require(vendor/autoload.php): failed to open stream: No such file or directory
in APPPATH\Controllers\Registrar.php on line 8.
 1 APPPATH\Controllers\Registrar.php(8): CodeIgniter\Debug\Exceptions->errorHandler(2, 'require(vendor/autoload.php): failed to open stream: No such file or directory', 'C:\\xampp\\htdocs\\food\\app\\Controllers\\Registrar.php', 8, [...])
 2 APPPATH\Controllers\Registrar.php(8): require()
 3 SYSTEMPATH\Autoloader\Autoloader.php(312): include_once('C:\\xampp\\htdocs\\food\\app\\Controllers\\Registrar.php')
 4 SYSTEMPATH\Autoloader\Autoloader.php(289): CodeIgniter\Autoloader\Autoloader->includeFile('C:\\xampp\\htdocs\\food\\app\\Controllers\\Registrar.php')
 5 SYSTEMPATH\Autoloader\Autoloader.php(267): CodeIgniter\Autoloader\Autoloader->loadInNamespace('App\\Controllers\\Registrar')
 6 [internal function]: CodeIgniter\Autoloader\Autoloader->loadClass('App\\Controllers\\Registrar')
 7 [internal function]: spl_autoload_call('App\\Controllers\\Registrar')
 8 SYSTEMPATH\CodeIgniter.php(890): class_exists('\\App\\Controllers\\Registrar', true)
 9 SYSTEMPATH\CodeIgniter.php(484): CodeIgniter\CodeIgniter->startController()
10 SYSTEMPATH\CodeIgniter.php(366): CodeIgniter\CodeIgniter->handleRequest(null, Object(Config\Cache), false)
11 FCPATH\index.php(67): CodeIgniter\CodeIgniter->run()
12 SYSTEMPATH\Commands\Server\rewrite.php(47): require_once('C:\\xampp\\htdocs\\food\\public\\index.php')
INFO - 2023-08-08 08:35:43 --> Session: Class initialized using 'CodeIgniter\Session\Handlers\FileHandler' driver.
CRITICAL - 2023-08-08 08:35:43 --> require(vendor/autoload.php): failed to open stream: No such file or directory
in APPPATH\Controllers\Registrar.php on line 8.
 1 APPPATH\Controllers\Registrar.php(8): CodeIgniter\Debug\Exceptions->errorHandler(2, 'require(vendor/autoload.php): failed to open stream: No such file or directory', 'C:\\xampp\\htdocs\\food\\app\\Controllers\\Registrar.php', 8, [...])
 2 APPPATH\Controllers\Registrar.php(8): require()
 3 SYSTEMPATH\Autoloader\Autoloader.php(312): include_once('C:\\xampp\\htdocs\\food\\app\\Controllers\\Registrar.php')
 4 SYSTEMPATH\Autoloader\Autoloader.php(289): CodeIgniter\Autoloader\Autoloader->includeFile('C:\\xampp\\htdocs\\food\\app\\Controllers\\Registrar.php')
 5 SYSTEMPATH\Autoloader\Autoloader.php(267): CodeIgniter\Autoloader\Autoloader->loadInNamespace('App\\Controllers\\Registrar')
 6 [internal function]: CodeIgniter\Autoloader\Autoloader->loadClass('App\\Controllers\\Registrar')
 7 [internal function]: spl_autoload_call('App\\Controllers\\Registrar')
 8 SYSTEMPATH\CodeIgniter.php(890): class_exists('\\App\\Controllers\\Registrar', true)
 9 SYSTEMPATH\CodeIgniter.php(484): CodeIgniter\CodeIgniter->startController()
10 SYSTEMPATH\CodeIgniter.php(366): CodeIgniter\CodeIgniter->handleRequest(null, Object(Config\Cache), false)
11 FCPATH\index.php(67): CodeIgniter\CodeIgniter->run()
12 SYSTEMPATH\Commands\Server\rewrite.php(47): require_once('C:\\xampp\\htdocs\\food\\public\\index.php')
INFO - 2023-08-08 08:36:58 --> Session: Class initialized using 'CodeIgniter\Session\Handlers\FileHandler' driver.
CRITICAL - 2023-08-08 08:36:58 --> require(vendor/autoload.php): failed to open stream: No such file or directory
in APPPATH\Controllers\Registrar.php on line 8.
 1 APPPATH\Controllers\Registrar.php(8): CodeIgniter\Debug\Exceptions->errorHandler(2, 'require(vendor/autoload.php): failed to open stream: No such file or directory', 'C:\\xampp\\htdocs\\food\\app\\Controllers\\Registrar.php', 8, [...])
 2 APPPATH\Controllers\Registrar.php(8): require()
 3 SYSTEMPATH\Autoloader\Autoloader.php(312): include_once('C:\\xampp\\htdocs\\food\\app\\Controllers\\Registrar.php')
 4 SYSTEMPATH\Autoloader\Autoloader.php(289): CodeIgniter\Autoloader\Autoloader->includeFile('C:\\xampp\\htdocs\\food\\app\\Controllers\\Registrar.php')
 5 SYSTEMPATH\Autoloader\Autoloader.php(267): CodeIgniter\Autoloader\Autoloader->loadInNamespace('App\\Controllers\\Registrar')
 6 [internal function]: CodeIgniter\Autoloader\Autoloader->loadClass('App\\Controllers\\Registrar')
 7 [internal function]: spl_autoload_call('App\\Controllers\\Registrar')
 8 SYSTEMPATH\CodeIgniter.php(890): class_exists('\\App\\Controllers\\Registrar', true)
 9 SYSTEMPATH\CodeIgniter.php(484): CodeIgniter\CodeIgniter->startController()
10 SYSTEMPATH\CodeIgniter.php(366): CodeIgniter\CodeIgniter->handleRequest(null, Object(Config\Cache), false)
11 FCPATH\index.php(67): CodeIgniter\CodeIgniter->run()
12 SYSTEMPATH\Commands\Server\rewrite.php(47): require_once('C:\\xampp\\htdocs\\food\\public\\index.php')
INFO - 2023-08-08 08:36:59 --> Session: Class initialized using 'CodeIgniter\Session\Handlers\FileHandler' driver.
CRITICAL - 2023-08-08 08:36:59 --> require(vendor/autoload.php): failed to open stream: No such file or directory
in APPPATH\Controllers\Registrar.php on line 8.
 1 APPPATH\Controllers\Registrar.php(8): CodeIgniter\Debug\Exceptions->errorHandler(2, 'require(vendor/autoload.php): failed to open stream: No such file or directory', 'C:\\xampp\\htdocs\\food\\app\\Controllers\\Registrar.php', 8, [...])
 2 APPPATH\Controllers\Registrar.php(8): require()
 3 SYSTEMPATH\Autoloader\Autoloader.php(312): include_once('C:\\xampp\\htdocs\\food\\app\\Controllers\\Registrar.php')
 4 SYSTEMPATH\Autoloader\Autoloader.php(289): CodeIgniter\Autoloader\Autoloader->includeFile('C:\\xampp\\htdocs\\food\\app\\Controllers\\Registrar.php')
 5 SYSTEMPATH\Autoloader\Autoloader.php(267): CodeIgniter\Autoloader\Autoloader->loadInNamespace('App\\Controllers\\Registrar')
 6 [internal function]: CodeIgniter\Autoloader\Autoloader->loadClass('App\\Controllers\\Registrar')
 7 [internal function]: spl_autoload_call('App\\Controllers\\Registrar')
 8 SYSTEMPATH\CodeIgniter.php(890): class_exists('\\App\\Controllers\\Registrar', true)
 9 SYSTEMPATH\CodeIgniter.php(484): CodeIgniter\CodeIgniter->startController()
10 SYSTEMPATH\CodeIgniter.php(366): CodeIgniter\CodeIgniter->handleRequest(null, Object(Config\Cache), false)
11 FCPATH\index.php(67): CodeIgniter\CodeIgniter->run()
12 SYSTEMPATH\Commands\Server\rewrite.php(47): require_once('C:\\xampp\\htdocs\\food\\public\\index.php')
INFO - 2023-08-08 08:38:01 --> Session: Class initialized using 'CodeIgniter\Session\Handlers\FileHandler' driver.
CRITICAL - 2023-08-08 08:38:01 --> require(vendor/autoload.php): failed to open stream: No such file or directory
in APPPATH\Controllers\Registrar.php on line 8.
 1 APPPATH\Controllers\Registrar.php(8): CodeIgniter\Debug\Exceptions->errorHandler(2, 'require(vendor/autoload.php): failed to open stream: No such file or directory', 'C:\\xampp\\htdocs\\food\\app\\Controllers\\Registrar.php', 8, [...])
 2 APPPATH\Controllers\Registrar.php(8): require()
 3 SYSTEMPATH\Autoloader\Autoloader.php(312): include_once('C:\\xampp\\htdocs\\food\\app\\Controllers\\Registrar.php')
 4 SYSTEMPATH\Autoloader\Autoloader.php(289): CodeIgniter\Autoloader\Autoloader->includeFile('C:\\xampp\\htdocs\\food\\app\\Controllers\\Registrar.php')
 5 SYSTEMPATH\Autoloader\Autoloader.php(267): CodeIgniter\Autoloader\Autoloader->loadInNamespace('App\\Controllers\\Registrar')
 6 [internal function]: CodeIgniter\Autoloader\Autoloader->loadClass('App\\Controllers\\Registrar')
 7 [internal function]: spl_autoload_call('App\\Controllers\\Registrar')
 8 SYSTEMPATH\CodeIgniter.php(890): class_exists('\\App\\Controllers\\Registrar', true)
 9 SYSTEMPATH\CodeIgniter.php(484): CodeIgniter\CodeIgniter->startController()
10 SYSTEMPATH\CodeIgniter.php(366): CodeIgniter\CodeIgniter->handleRequest(null, Object(Config\Cache), false)
11 FCPATH\index.php(67): CodeIgniter\CodeIgniter->run()
12 SYSTEMPATH\Commands\Server\rewrite.php(47): require_once('C:\\xampp\\htdocs\\food\\public\\index.php')
INFO - 2023-08-08 08:38:29 --> Session: Class initialized using 'CodeIgniter\Session\Handlers\FileHandler' driver.
CRITICAL - 2023-08-08 08:38:29 --> require(vendor/autoload.php): failed to open stream: No such file or directory
in APPPATH\Controllers\Registrar.php on line 8.
 1 APPPATH\Controllers\Registrar.php(8): CodeIgniter\Debug\Exceptions->errorHandler(2, 'require(vendor/autoload.php): failed to open stream: No such file or directory', 'C:\\xampp\\htdocs\\food\\app\\Controllers\\Registrar.php', 8, [...])
 2 APPPATH\Controllers\Registrar.php(8): require()
 3 SYSTEMPATH\Autoloader\Autoloader.php(312): include_once('C:\\xampp\\htdocs\\food\\app\\Controllers\\Registrar.php')
 4 SYSTEMPATH\Autoloader\Autoloader.php(289): CodeIgniter\Autoloader\Autoloader->includeFile('C:\\xampp\\htdocs\\food\\app\\Controllers\\Registrar.php')
 5 SYSTEMPATH\Autoloader\Autoloader.php(267): CodeIgniter\Autoloader\Autoloader->loadInNamespace('App\\Controllers\\Registrar')
 6 [internal function]: CodeIgniter\Autoloader\Autoloader->loadClass('App\\Controllers\\Registrar')
 7 [internal function]: spl_autoload_call('App\\Controllers\\Registrar')
 8 SYSTEMPATH\CodeIgniter.php(890): class_exists('\\App\\Controllers\\Registrar', true)
 9 SYSTEMPATH\CodeIgniter.php(484): CodeIgniter\CodeIgniter->startController()
10 SYSTEMPATH\CodeIgniter.php(366): CodeIgniter\CodeIgniter->handleRequest(null, Object(Config\Cache), false)
11 FCPATH\index.php(67): CodeIgniter\CodeIgniter->run()
12 SYSTEMPATH\Commands\Server\rewrite.php(47): require_once('C:\\xampp\\htdocs\\food\\public\\index.php')
INFO - 2023-08-08 08:38:30 --> Session: Class initialized using 'CodeIgniter\Session\Handlers\FileHandler' driver.
CRITICAL - 2023-08-08 08:38:30 --> require(vendor/autoload.php): failed to open stream: No such file or directory
in APPPATH\Controllers\Registrar.php on line 8.
 1 APPPATH\Controllers\Registrar.php(8): CodeIgniter\Debug\Exceptions->errorHandler(2, 'require(vendor/autoload.php): failed to open stream: No such file or directory', 'C:\\xampp\\htdocs\\food\\app\\Controllers\\Registrar.php', 8, [...])
 2 APPPATH\Controllers\Registrar.php(8): require()
 3 SYSTEMPATH\Autoloader\Autoloader.php(312): include_once('C:\\xampp\\htdocs\\food\\app\\Controllers\\Registrar.php')
 4 SYSTEMPATH\Autoloader\Autoloader.php(289): CodeIgniter\Autoloader\Autoloader->includeFile('C:\\xampp\\htdocs\\food\\app\\Controllers\\Registrar.php')
 5 SYSTEMPATH\Autoloader\Autoloader.php(267): CodeIgniter\Autoloader\Autoloader->loadInNamespace('App\\Controllers\\Registrar')
 6 [internal function]: CodeIgniter\Autoloader\Autoloader->loadClass('App\\Controllers\\Registrar')
 7 [internal function]: spl_autoload_call('App\\Controllers\\Registrar')
 8 SYSTEMPATH\CodeIgniter.php(890): class_exists('\\App\\Controllers\\Registrar', true)
 9 SYSTEMPATH\CodeIgniter.php(484): CodeIgniter\CodeIgniter->startController()
10 SYSTEMPATH\CodeIgniter.php(366): CodeIgniter\CodeIgniter->handleRequest(null, Object(Config\Cache), false)
11 FCPATH\index.php(67): CodeIgniter\CodeIgniter->run()
12 SYSTEMPATH\Commands\Server\rewrite.php(47): require_once('C:\\xampp\\htdocs\\food\\public\\index.php')
INFO - 2023-08-08 08:38:43 --> Session: Class initialized using 'CodeIgniter\Session\Handlers\FileHandler' driver.
CRITICAL - 2023-08-08 08:38:43 --> require(vendor/autoload.php): failed to open stream: No such file or directory
in APPPATH\Controllers\Registrar.php on line 8.
 1 APPPATH\Controllers\Registrar.php(8): CodeIgniter\Debug\Exceptions->errorHandler(2, 'require(vendor/autoload.php): failed to open stream: No such file or directory', 'C:\\xampp\\htdocs\\food\\app\\Controllers\\Registrar.php', 8, [...])
 2 APPPATH\Controllers\Registrar.php(8): require()
 3 SYSTEMPATH\Autoloader\Autoloader.php(312): include_once('C:\\xampp\\htdocs\\food\\app\\Controllers\\Registrar.php')
 4 SYSTEMPATH\Autoloader\Autoloader.php(289): CodeIgniter\Autoloader\Autoloader->includeFile('C:\\xampp\\htdocs\\food\\app\\Controllers\\Registrar.php')
 5 SYSTEMPATH\Autoloader\Autoloader.php(267): CodeIgniter\Autoloader\Autoloader->loadInNamespace('App\\Controllers\\Registrar')
 6 [internal function]: CodeIgniter\Autoloader\Autoloader->loadClass('App\\Controllers\\Registrar')
 7 [internal function]: spl_autoload_call('App\\Controllers\\Registrar')
 8 SYSTEMPATH\CodeIgniter.php(890): class_exists('\\App\\Controllers\\Registrar', true)
 9 SYSTEMPATH\CodeIgniter.php(484): CodeIgniter\CodeIgniter->startController()
10 SYSTEMPATH\CodeIgniter.php(366): CodeIgniter\CodeIgniter->handleRequest(null, Object(Config\Cache), false)
11 FCPATH\index.php(67): CodeIgniter\CodeIgniter->run()
12 SYSTEMPATH\Commands\Server\rewrite.php(47): require_once('C:\\xampp\\htdocs\\food\\public\\index.php')
INFO - 2023-08-08 08:39:51 --> Session: Class initialized using 'CodeIgniter\Session\Handlers\FileHandler' driver.
INFO - 2023-08-08 08:40:33 --> CSRF token verified.
ERROR - 2023-08-08 08:40:33 --> mysqli_sql_exception: Field 'telefone' doesn't have a default value in C:\xampp\htdocs\food\system\Database\MySQLi\Connection.php:295
Stack trace:
#0 C:\xampp\htdocs\food\system\Database\MySQLi\Connection.php(295): mysqli->query('INSERT INTO `us...', 0)
#1 C:\xampp\htdocs\food\system\Database\BaseConnection.php(692): CodeIgniter\Database\MySQLi\Connection->execute('INSERT INTO `us...')
#2 C:\xampp\htdocs\food\system\Database\BaseConnection.php(606): CodeIgniter\Database\BaseConnection->simpleQuery('INSERT INTO `us...')
#3 C:\xampp\htdocs\food\system\Database\BaseBuilder.php(2309): CodeIgniter\Database\BaseConnection->query('INSERT INTO `us...', Array, false)
#4 C:\xampp\htdocs\food\system\Model.php(330): CodeIgniter\Database\BaseBuilder->insert()
#5 C:\xampp\htdocs\food\system\BaseModel.php(782): CodeIgniter\Model->doInsert(Array)
#6 C:\xampp\htdocs\food\system\Model.php(730): CodeIgniter\BaseModel->insert(Array, true)
#7 C:\xampp\htdocs\food\app\Controllers\Registrar.php(35): CodeIgniter\Model->insert(Object(App\Entities\Usuario))
#8 C:\xampp\htdocs\food\system\CodeIgniter.php(932): App\Controllers\Registrar->criar()
#9 C:\xampp\htdocs\food\system\CodeIgniter.php(497): CodeIgniter\CodeIgniter->runController(Object(App\Controllers\Registrar))
#10 C:\xampp\htdocs\food\system\CodeIgniter.php(366): CodeIgniter\CodeIgniter->handleRequest(NULL, Object(Config\Cache), false)
#11 C:\xampp\htdocs\food\public\index.php(67): CodeIgniter\CodeIgniter->run()
#12 C:\xampp\htdocs\food\system\Commands\Server\rewrite.php(47): require_once('C:\\xampp\\htdocs...')
#13 {main}
CRITICAL - 2023-08-08 08:40:33 --> Field 'telefone' doesn't have a default value
in SYSTEMPATH\Database\MySQLi\Connection.php on line 295.
 1 SYSTEMPATH\Database\MySQLi\Connection.php(295): mysqli->query('INSERT INTO `usuarios` (`nome`, `email`, `cpf`, `ativacao_hash`, `criado_em`, `atualizado_em`, `password_hash`) VALUES (\'Teste email\', \'yimop80905@royalka.com\', \'562.035.620-50\', \'eabeaab70a0ce006cae12716f7c6a1b330b1a08063349fc576dc8d3f0348e9f5\', \'2023-08-08 08:40:33\', \'2023-08-08 08:40:33\', \'$2y$10$9xUpN59OQLwOjmujjU3kDOz5vsAqvwvS2SS26eHv/GyB9FpYstqBi\')', 0)
 2 SYSTEMPATH\Database\BaseConnection.php(692): CodeIgniter\Database\MySQLi\Connection->execute('INSERT INTO `usuarios` (`nome`, `email`, `cpf`, `ativacao_hash`, `criado_em`, `atualizado_em`, `password_hash`) VALUES (\'Teste email\', \'yimop80905@royalka.com\', \'562.035.620-50\', \'eabeaab70a0ce006cae12716f7c6a1b330b1a08063349fc576dc8d3f0348e9f5\', \'2023-08-08 08:40:33\', \'2023-08-08 08:40:33\', \'$2y$10$9xUpN59OQLwOjmujjU3kDOz5vsAqvwvS2SS26eHv/GyB9FpYstqBi\')')
 3 SYSTEMPATH\Database\BaseConnection.php(606): CodeIgniter\Database\BaseConnection->simpleQuery('INSERT INTO `usuarios` (`nome`, `email`, `cpf`, `ativacao_hash`, `criado_em`, `atualizado_em`, `password_hash`) VALUES (\'Teste email\', \'yimop80905@royalka.com\', \'562.035.620-50\', \'eabeaab70a0ce006cae12716f7c6a1b330b1a08063349fc576dc8d3f0348e9f5\', \'2023-08-08 08:40:33\', \'2023-08-08 08:40:33\', \'$2y$10$9xUpN59OQLwOjmujjU3kDOz5vsAqvwvS2SS26eHv/GyB9FpYstqBi\')')
 4 SYSTEMPATH\Database\BaseBuilder.php(2309): CodeIgniter\Database\BaseConnection->query('INSERT INTO `usuarios` (`nome`, `email`, `cpf`, `ativacao_hash`, `criado_em`, `atualizado_em`, `password_hash`) VALUES (:nome:, :email:, :cpf:, :ativacao_hash:, :criado_em:, :atualizado_em:, :password_hash:)', [...], false)
 5 SYSTEMPATH\Model.php(330): CodeIgniter\Database\BaseBuilder->insert()
 6 SYSTEMPATH\BaseModel.php(782): CodeIgniter\Model->doInsert([...])
 7 SYSTEMPATH\Model.php(730): CodeIgniter\BaseModel->insert([...], true)
 8 APPPATH\Controllers\Registrar.php(35): CodeIgniter\Model->insert(Object(App\Entities\Usuario))
 9 SYSTEMPATH\CodeIgniter.php(932): App\Controllers\Registrar->criar()
10 SYSTEMPATH\CodeIgniter.php(497): CodeIgniter\CodeIgniter->runController(Object(App\Controllers\Registrar))
11 SYSTEMPATH\CodeIgniter.php(366): CodeIgniter\CodeIgniter->handleRequest(null, Object(Config\Cache), false)
12 FCPATH\index.php(67): CodeIgniter\CodeIgniter->run()
13 SYSTEMPATH\Commands\Server\rewrite.php(47): require_once('C:\\xampp\\htdocs\\food\\public\\index.php')
INFO - 2023-08-08 08:41:27 --> CSRF token verified.
CRITICAL - 2023-08-08 08:41:27 --> Undefined variable: mensagem
in APPPATH\Controllers\Registrar.php on line 93.
 1 APPPATH\Controllers\Registrar.php(93): CodeIgniter\Debug\Exceptions->errorHandler(8, 'Undefined variable: mensagem', 'C:\\xampp\\htdocs\\food\\app\\Controllers\\Registrar.php', 93, [...])
 2 APPPATH\Controllers\Registrar.php(37): App\Controllers\Registrar->enviaEmailParaAtivarConta(Object(App\Entities\Usuario))
 3 SYSTEMPATH\CodeIgniter.php(932): App\Controllers\Registrar->criar()
 4 SYSTEMPATH\CodeIgniter.php(497): CodeIgniter\CodeIgniter->runController(Object(App\Controllers\Registrar))
 5 SYSTEMPATH\CodeIgniter.php(366): CodeIgniter\CodeIgniter->handleRequest(null, Object(Config\Cache), false)
 6 FCPATH\index.php(67): CodeIgniter\CodeIgniter->run()
 7 SYSTEMPATH\Commands\Server\rewrite.php(47): require_once('C:\\xampp\\htdocs\\food\\public\\index.php')
INFO - 2023-08-08 08:41:57 --> CSRF token verified.
INFO - 2023-08-08 08:41:57 --> Session: Class initialized using 'CodeIgniter\Session\Handlers\FileHandler' driver.
INFO - 2023-08-08 08:41:57 --> Session: Class initialized using 'CodeIgniter\Session\Handlers\FileHandler' driver.
INFO - 2023-08-08 08:42:19 --> CSRF token verified.
INFO - 2023-08-08 08:42:20 --> Session: Class initialized using 'CodeIgniter\Session\Handlers\FileHandler' driver.
INFO - 2023-08-08 08:43:40 --> Session: Class initialized using 'CodeIgniter\Session\Handlers\FileHandler' driver.
INFO - 2023-08-08 08:43:54 --> Session: Class initialized using 'CodeIgniter\Session\Handlers\FileHandler' driver.
INFO - 2023-08-08 08:43:55 --> Session: Class initialized using 'CodeIgniter\Session\Handlers\FileHandler' driver.
INFO - 2023-08-08 08:44:12 --> CSRF token verified.
INFO - 2023-08-08 08:45:51 --> CSRF token verified.
INFO - 2023-08-08 08:45:51 --> Session: Class initialized using 'CodeIgniter\Session\Handlers\FileHandler' driver.
INFO - 2023-08-08 08:45:51 --> Session: Class initialized using 'CodeIgniter\Session\Handlers\FileHandler' driver.
INFO - 2023-08-08 08:46:05 --> CSRF token verified.
INFO - 2023-08-08 08:47:15 --> CSRF token verified.
INFO - 2023-08-08 08:47:15 --> Session: Class initialized using 'CodeIgniter\Session\Handlers\FileHandler' driver.
INFO - 2023-08-08 08:47:15 --> Session: Class initialized using 'CodeIgniter\Session\Handlers\FileHandler' driver.
INFO - 2023-08-08 08:47:34 --> CSRF token verified.
CRITICAL - 2023-08-08 08:47:34 --> Call to a member function send() on string
in APPPATH\Controllers\Registrar.php on line 99.
 1 APPPATH\Controllers\Registrar.php(36): App\Controllers\Registrar->enviaEmailParaAtivarConta(Object(App\Entities\Usuario))
 2 SYSTEMPATH\CodeIgniter.php(932): App\Controllers\Registrar->criar()
 3 SYSTEMPATH\CodeIgniter.php(497): CodeIgniter\CodeIgniter->runController(Object(App\Controllers\Registrar))
 4 SYSTEMPATH\CodeIgniter.php(366): CodeIgniter\CodeIgniter->handleRequest(null, Object(Config\Cache), false)
 5 FCPATH\index.php(67): CodeIgniter\CodeIgniter->run()
 6 SYSTEMPATH\Commands\Server\rewrite.php(47): require_once('C:\\xampp\\htdocs\\food\\public\\index.php')
INFO - 2023-08-08 08:47:58 --> CSRF token verified.
INFO - 2023-08-08 08:49:32 --> CSRF token verified.
INFO - 2023-08-08 08:49:46 --> Session: Class initialized using 'CodeIgniter\Session\Handlers\FileHandler' driver.
INFO - 2023-08-08 08:49:47 --> Session: Class initialized using 'CodeIgniter\Session\Handlers\FileHandler' driver.
INFO - 2023-08-08 10:42:14 --> Session: Class initialized using 'CodeIgniter\Session\Handlers\FileHandler' driver.
INFO - 2023-08-08 14:24:52 --> Session: Class initialized using 'CodeIgniter\Session\Handlers\FileHandler' driver.
INFO - 2023-08-08 18:00:11 --> Session: Class initialized using 'CodeIgniter\Session\Handlers\FileHandler' driver.
